=> Building model...
model depth 110...
=> loading cifar100 data...
Files already downloaded and verified
Files already downloaded and verified
Epoch: [0][0/391]	Time 0.788 (0.788)	Data 0.126 (0.126)	Loss 6.5780 (6.5780)	Prec 0.000% (0.000%)
Epoch: [0][10/391]	Time 0.200 (0.277)	Data 0.002 (0.013)	Loss 5.0141 (5.4993)	Prec 0.781% (0.923%)
Epoch: [0][20/391]	Time 0.202 (0.242)	Data 0.002 (0.008)	Loss 4.5829 (5.1927)	Prec 0.781% (1.079%)
Epoch: [0][30/391]	Time 0.201 (0.229)	Data 0.002 (0.006)	Loss 4.6223 (5.0093)	Prec 1.562% (1.260%)
Epoch: [0][40/391]	Time 0.202 (0.223)	Data 0.002 (0.005)	Loss 4.5595 (4.9096)	Prec 2.344% (1.239%)
Epoch: [0][50/391]	Time 0.203 (0.219)	Data 0.002 (0.005)	Loss 4.6693 (4.8470)	Prec 2.344% (1.363%)
Epoch: [0][60/391]	Time 0.202 (0.216)	Data 0.002 (0.004)	Loss 4.5676 (4.8066)	Prec 2.344% (1.460%)
Epoch: [0][70/391]	Time 0.202 (0.214)	Data 0.002 (0.004)	Loss 4.5764 (4.7746)	Prec 1.562% (1.474%)
Epoch: [0][80/391]	Time 0.202 (0.213)	Data 0.002 (0.004)	Loss 4.5905 (4.7526)	Prec 0.000% (1.418%)
Epoch: [0][90/391]	Time 0.201 (0.212)	Data 0.002 (0.004)	Loss 4.5619 (4.7345)	Prec 2.344% (1.348%)
Epoch: [0][100/391]	Time 0.202 (0.211)	Data 0.002 (0.003)	Loss 4.5579 (4.7191)	Prec 0.781% (1.346%)
Epoch: [0][110/391]	Time 0.204 (0.210)	Data 0.002 (0.003)	Loss 4.5612 (4.7090)	Prec 0.000% (1.295%)
Epoch: [0][120/391]	Time 0.197 (0.210)	Data 0.003 (0.003)	Loss 4.5943 (4.6980)	Prec 0.781% (1.349%)
Epoch: [0][130/391]	Time 0.202 (0.209)	Data 0.002 (0.003)	Loss 4.5653 (4.6889)	Prec 1.562% (1.372%)
Epoch: [0][140/391]	Time 0.201 (0.208)	Data 0.002 (0.003)	Loss 4.5513 (4.6808)	Prec 2.344% (1.380%)
Epoch: [0][150/391]	Time 0.199 (0.207)	Data 0.002 (0.003)	Loss 4.5486 (4.6729)	Prec 1.562% (1.350%)
Epoch: [0][160/391]	Time 0.207 (0.206)	Data 0.002 (0.003)	Loss 4.6839 (4.6655)	Prec 0.781% (1.349%)
Epoch: [0][170/391]	Time 0.204 (0.206)	Data 0.002 (0.003)	Loss 4.5886 (4.6601)	Prec 0.781% (1.334%)
Epoch: [0][180/391]	Time 0.209 (0.206)	Data 0.002 (0.003)	Loss 4.5664 (4.6547)	Prec 2.344% (1.329%)
Epoch: [0][190/391]	Time 0.202 (0.205)	Data 0.002 (0.003)	Loss 4.5557 (4.6499)	Prec 0.000% (1.317%)
Epoch: [0][200/391]	Time 0.205 (0.205)	Data 0.002 (0.003)	Loss 4.5398 (4.6466)	Prec 3.125% (1.337%)
Epoch: [0][210/391]	Time 0.203 (0.205)	Data 0.002 (0.003)	Loss 4.5605 (4.6429)	Prec 5.469% (1.374%)
Epoch: [0][220/391]	Time 0.202 (0.205)	Data 0.002 (0.003)	Loss 4.5216 (4.6392)	Prec 1.562% (1.375%)
Epoch: [0][230/391]	Time 0.204 (0.205)	Data 0.002 (0.003)	Loss 4.5628 (4.6349)	Prec 1.562% (1.387%)
Epoch: [0][240/391]	Time 0.204 (0.205)	Data 0.002 (0.003)	Loss 4.5223 (4.6314)	Prec 3.906% (1.407%)
Epoch: [0][250/391]	Time 0.201 (0.205)	Data 0.002 (0.003)	Loss 4.5381 (4.6288)	Prec 1.562% (1.404%)
Epoch: [0][260/391]	Time 0.203 (0.205)	Data 0.002 (0.003)	Loss 4.5909 (4.6255)	Prec 0.781% (1.434%)
Epoch: [0][270/391]	Time 0.203 (0.205)	Data 0.002 (0.003)	Loss 4.5463 (4.6223)	Prec 3.125% (1.430%)
Epoch: [0][280/391]	Time 0.203 (0.205)	Data 0.002 (0.003)	Loss 4.5775 (4.6190)	Prec 1.562% (1.443%)
Epoch: [0][290/391]	Time 0.202 (0.205)	Data 0.002 (0.003)	Loss 4.5563 (4.6164)	Prec 1.562% (1.450%)
Epoch: [0][300/391]	Time 0.202 (0.204)	Data 0.002 (0.003)	Loss 4.4967 (4.6130)	Prec 0.000% (1.448%)
Epoch: [0][310/391]	Time 0.203 (0.204)	Data 0.002 (0.003)	Loss 4.5259 (4.6097)	Prec 2.344% (1.462%)
Epoch: [0][320/391]	Time 0.204 (0.204)	Data 0.002 (0.003)	Loss 4.5663 (4.6066)	Prec 1.562% (1.487%)
Epoch: [0][330/391]	Time 0.205 (0.204)	Data 0.002 (0.002)	Loss 4.4835 (4.6041)	Prec 0.781% (1.513%)
Epoch: [0][340/391]	Time 0.202 (0.204)	Data 0.002 (0.002)	Loss 4.4663 (4.6010)	Prec 1.562% (1.535%)
Epoch: [0][350/391]	Time 0.197 (0.204)	Data 0.002 (0.002)	Loss 4.4977 (4.5982)	Prec 1.562% (1.545%)
Epoch: [0][360/391]	Time 0.186 (0.204)	Data 0.002 (0.002)	Loss 4.3988 (4.5952)	Prec 2.344% (1.560%)
Epoch: [0][370/391]	Time 0.207 (0.203)	Data 0.002 (0.002)	Loss 4.4847 (4.5929)	Prec 0.000% (1.569%)
Epoch: [0][380/391]	Time 0.201 (0.203)	Data 0.002 (0.002)	Loss 4.4586 (4.5904)	Prec 3.125% (1.562%)
Epoch: [0][390/391]	Time 0.542 (0.204)	Data 0.002 (0.002)	Loss 4.3874 (4.5874)	Prec 1.250% (1.578%)
Test: [0/100]	Time 0.240 (0.240)	Loss 4.4615 (4.4615)	Prec 3.000% (3.000%)
Test: [10/100]	Time 0.034 (0.052)	Loss 4.4241 (4.4803)	Prec 2.000% (2.545%)
Test: [20/100]	Time 0.025 (0.042)	Loss 4.4486 (4.4823)	Prec 2.000% (2.524%)
Test: [30/100]	Time 0.031 (0.040)	Loss 4.5009 (4.4778)	Prec 3.000% (2.516%)
Test: [40/100]	Time 0.033 (0.038)	Loss 4.4645 (4.4702)	Prec 2.000% (2.317%)
Test: [50/100]	Time 0.033 (0.036)	Loss 4.4761 (4.4738)	Prec 2.000% (2.275%)
Test: [60/100]	Time 0.031 (0.036)	Loss 4.5407 (4.4751)	Prec 1.000% (2.246%)
Test: [70/100]	Time 0.033 (0.035)	Loss 4.4968 (4.4750)	Prec 1.000% (2.127%)
Test: [80/100]	Time 0.031 (0.035)	Loss 4.6119 (4.4786)	Prec 1.000% (2.123%)
Test: [90/100]	Time 0.032 (0.034)	Loss 4.3739 (4.4751)	Prec 3.000% (2.143%)
 * Prec 2.150% 
Epoch: [1][0/391]	Time 0.400 (0.400)	Data 0.145 (0.145)	Loss 4.4281 (4.4281)	Prec 2.344% (2.344%)
Epoch: [1][10/391]	Time 0.204 (0.221)	Data 0.002 (0.015)	Loss 4.4313 (4.4608)	Prec 6.250% (2.486%)
Epoch: [1][20/391]	Time 0.199 (0.213)	Data 0.002 (0.009)	Loss 4.4858 (4.4783)	Prec 2.344% (2.232%)
Epoch: [1][30/391]	Time 0.202 (0.209)	Data 0.002 (0.007)	Loss 4.4518 (4.4698)	Prec 1.562% (2.293%)
Epoch: [1][40/391]	Time 0.200 (0.208)	Data 0.003 (0.006)	Loss 4.4710 (4.4688)	Prec 3.906% (2.191%)
Epoch: [1][50/391]	Time 0.202 (0.207)	Data 0.002 (0.005)	Loss 4.4695 (4.4651)	Prec 1.562% (2.114%)
Epoch: [1][60/391]	Time 0.203 (0.206)	Data 0.002 (0.005)	Loss 4.4334 (4.4597)	Prec 0.781% (2.088%)
Epoch: [1][70/391]	Time 0.205 (0.206)	Data 0.003 (0.004)	Loss 4.4854 (4.4571)	Prec 2.344% (2.135%)
Epoch: [1][80/391]	Time 0.202 (0.205)	Data 0.002 (0.004)	Loss 4.4610 (4.4544)	Prec 3.125% (2.257%)
Epoch: [1][90/391]	Time 0.202 (0.205)	Data 0.002 (0.004)	Loss 4.4167 (4.4543)	Prec 6.250% (2.352%)
Epoch: [1][100/391]	Time 0.204 (0.205)	Data 0.002 (0.004)	Loss 4.4410 (4.4556)	Prec 0.781% (2.328%)
Epoch: [1][110/391]	Time 0.200 (0.205)	Data 0.002 (0.004)	Loss 4.4836 (4.4514)	Prec 1.562% (2.302%)
Epoch: [1][120/391]	Time 0.199 (0.205)	Data 0.003 (0.003)	Loss 4.3067 (4.4453)	Prec 4.688% (2.337%)
Epoch: [1][130/391]	Time 0.207 (0.204)	Data 0.002 (0.003)	Loss 4.3248 (4.4422)	Prec 3.125% (2.314%)
Epoch: [1][140/391]	Time 0.180 (0.204)	Data 0.002 (0.003)	Loss 4.3942 (4.4397)	Prec 2.344% (2.344%)
Epoch: [1][150/391]	Time 0.199 (0.204)	Data 0.002 (0.003)	Loss 4.4433 (4.4374)	Prec 1.562% (2.354%)
Epoch: [1][160/391]	Time 0.204 (0.202)	Data 0.002 (0.003)	Loss 4.4373 (4.4350)	Prec 3.125% (2.407%)
Epoch: [1][170/391]	Time 0.206 (0.202)	Data 0.002 (0.003)	Loss 4.4409 (4.4339)	Prec 3.125% (2.412%)
Epoch: [1][180/391]	Time 0.206 (0.202)	Data 0.002 (0.003)	Loss 4.3331 (4.4316)	Prec 3.125% (2.404%)
Epoch: [1][190/391]	Time 0.205 (0.202)	Data 0.002 (0.003)	Loss 4.2782 (4.4283)	Prec 5.469% (2.446%)
Epoch: [1][200/391]	Time 0.204 (0.202)	Data 0.002 (0.003)	Loss 4.2467 (4.4257)	Prec 4.688% (2.460%)
Epoch: [1][210/391]	Time 0.200 (0.202)	Data 0.002 (0.003)	Loss 4.3103 (4.4226)	Prec 1.562% (2.503%)
Epoch: [1][220/391]	Time 0.204 (0.202)	Data 0.002 (0.003)	Loss 4.3540 (4.4176)	Prec 2.344% (2.521%)
Epoch: [1][230/391]	Time 0.201 (0.202)	Data 0.002 (0.003)	Loss 4.4185 (4.4164)	Prec 3.125% (2.503%)
Epoch: [1][240/391]	Time 0.202 (0.202)	Data 0.002 (0.003)	Loss 4.3540 (4.4136)	Prec 2.344% (2.496%)
Epoch: [1][250/391]	Time 0.206 (0.202)	Data 0.002 (0.003)	Loss 4.2945 (4.4107)	Prec 5.469% (2.540%)
Epoch: [1][260/391]	Time 0.203 (0.202)	Data 0.002 (0.003)	Loss 4.3724 (4.4070)	Prec 0.781% (2.541%)
Epoch: [1][270/391]	Time 0.202 (0.202)	Data 0.002 (0.003)	Loss 4.3509 (4.4035)	Prec 0.000% (2.560%)
Epoch: [1][280/391]	Time 0.204 (0.202)	Data 0.002 (0.003)	Loss 4.2579 (4.3987)	Prec 3.125% (2.580%)
Epoch: [1][290/391]	Time 0.203 (0.202)	Data 0.002 (0.003)	Loss 4.2940 (4.3940)	Prec 5.469% (2.612%)
Epoch: [1][300/391]	Time 0.200 (0.202)	Data 0.003 (0.003)	Loss 4.1477 (4.3894)	Prec 3.125% (2.658%)
Epoch: [1][310/391]	Time 0.200 (0.202)	Data 0.003 (0.003)	Loss 4.3080 (4.3860)	Prec 0.781% (2.713%)
Epoch: [1][320/391]	Time 0.200 (0.203)	Data 0.002 (0.003)	Loss 4.1742 (4.3816)	Prec 6.250% (2.726%)
Epoch: [1][330/391]	Time 0.204 (0.203)	Data 0.003 (0.003)	Loss 4.2357 (4.3765)	Prec 3.125% (2.780%)
Epoch: [1][340/391]	Time 0.203 (0.203)	Data 0.002 (0.003)	Loss 4.3345 (4.3717)	Prec 3.906% (2.829%)
Epoch: [1][350/391]	Time 0.178 (0.202)	Data 0.002 (0.003)	Loss 4.2176 (4.3673)	Prec 3.906% (2.891%)
Epoch: [1][360/391]	Time 0.189 (0.202)	Data 0.002 (0.003)	Loss 4.0544 (4.3618)	Prec 3.125% (2.932%)
Epoch: [1][370/391]	Time 0.211 (0.202)	Data 0.002 (0.003)	Loss 4.1533 (4.3548)	Prec 2.344% (2.982%)
Epoch: [1][380/391]	Time 0.202 (0.202)	Data 0.002 (0.003)	Loss 4.1892 (4.3483)	Prec 6.250% (3.027%)
Epoch: [1][390/391]	Time 0.152 (0.202)	Data 0.002 (0.003)	Loss 4.1403 (4.3442)	Prec 3.750% (3.056%)
Test: [0/100]	Time 0.123 (0.123)	Loss 4.2271 (4.2271)	Prec 7.000% (7.000%)
Test: [10/100]	Time 0.032 (0.042)	Loss 4.2067 (4.1863)	Prec 8.000% (5.364%)
Test: [20/100]	Time 0.028 (0.037)	Loss 4.0922 (4.1792)	Prec 6.000% (4.952%)
Test: [30/100]	Time 0.031 (0.036)	Loss 4.2035 (4.1738)	Prec 5.000% (4.839%)
Test: [40/100]	Time 0.032 (0.034)	Loss 4.2989 (4.1837)	Prec 0.000% (4.610%)
Test: [50/100]	Time 0.028 (0.034)	Loss 4.1531 (4.1831)	Prec 7.000% (4.608%)
Test: [60/100]	Time 0.032 (0.034)	Loss 4.2071 (4.1835)	Prec 5.000% (4.459%)
Test: [70/100]	Time 0.031 (0.034)	Loss 4.1609 (4.1841)	Prec 3.000% (4.366%)
Test: [80/100]	Time 0.033 (0.034)	Loss 4.3174 (4.1901)	Prec 2.000% (4.370%)
Test: [90/100]	Time 0.036 (0.033)	Loss 4.0263 (4.1828)	Prec 8.000% (4.484%)
 * Prec 4.530% 
Epoch: [2][0/391]	Time 0.327 (0.327)	Data 0.112 (0.112)	Loss 4.1458 (4.1458)	Prec 4.688% (4.688%)
Epoch: [2][10/391]	Time 0.203 (0.215)	Data 0.002 (0.012)	Loss 4.2852 (4.1659)	Prec 3.125% (4.119%)
Epoch: [2][20/391]	Time 0.203 (0.209)	Data 0.002 (0.007)	Loss 4.2174 (4.1539)	Prec 3.125% (4.464%)
Epoch: [2][30/391]	Time 0.197 (0.207)	Data 0.002 (0.006)	Loss 4.2538 (4.1596)	Prec 7.812% (4.385%)
Epoch: [2][40/391]	Time 0.201 (0.206)	Data 0.002 (0.005)	Loss 4.1952 (4.1643)	Prec 6.250% (4.554%)
Epoch: [2][50/391]	Time 0.200 (0.206)	Data 0.002 (0.004)	Loss 4.0678 (4.1601)	Prec 5.469% (4.688%)
Epoch: [2][60/391]	Time 0.205 (0.205)	Data 0.002 (0.004)	Loss 4.0320 (4.1580)	Prec 3.906% (4.688%)
Epoch: [2][70/391]	Time 0.201 (0.205)	Data 0.002 (0.004)	Loss 4.0790 (4.1583)	Prec 8.594% (4.754%)
Epoch: [2][80/391]	Time 0.204 (0.205)	Data 0.002 (0.003)	Loss 4.1579 (4.1515)	Prec 2.344% (4.842%)
Epoch: [2][90/391]	Time 0.201 (0.204)	Data 0.002 (0.003)	Loss 3.9612 (4.1391)	Prec 5.469% (4.851%)
Epoch: [2][100/391]	Time 0.203 (0.204)	Data 0.002 (0.003)	Loss 4.2464 (4.1372)	Prec 2.344% (4.873%)
Epoch: [2][110/391]	Time 0.203 (0.204)	Data 0.002 (0.003)	Loss 4.0748 (4.1309)	Prec 5.469% (4.892%)
Epoch: [2][120/391]	Time 0.203 (0.204)	Data 0.002 (0.003)	Loss 4.0787 (4.1286)	Prec 5.469% (4.991%)
Epoch: [2][130/391]	Time 0.202 (0.204)	Data 0.002 (0.003)	Loss 4.0456 (4.1248)	Prec 7.812% (5.016%)
Epoch: [2][140/391]	Time 0.204 (0.204)	Data 0.002 (0.003)	Loss 4.0473 (4.1177)	Prec 7.812% (5.136%)
Epoch: [2][150/391]	Time 0.204 (0.203)	Data 0.002 (0.003)	Loss 3.8969 (4.1123)	Prec 7.812% (5.215%)
Epoch: [2][160/391]	Time 0.126 (0.203)	Data 0.002 (0.003)	Loss 3.9820 (4.1084)	Prec 5.469% (5.270%)
Epoch: [2][170/391]	Time 0.204 (0.202)	Data 0.002 (0.003)	Loss 3.9639 (4.1036)	Prec 5.469% (5.291%)
Epoch: [2][180/391]	Time 0.203 (0.202)	Data 0.002 (0.003)	Loss 4.0982 (4.1030)	Prec 5.469% (5.322%)
Epoch: [2][190/391]	Time 0.201 (0.202)	Data 0.002 (0.003)	Loss 4.0937 (4.1020)	Prec 1.562% (5.297%)
Epoch: [2][200/391]	Time 0.202 (0.202)	Data 0.002 (0.003)	Loss 4.0555 (4.0996)	Prec 8.594% (5.337%)
Epoch: [2][210/391]	Time 0.203 (0.202)	Data 0.002 (0.003)	Loss 4.0570 (4.0958)	Prec 7.812% (5.358%)
Epoch: [2][220/391]	Time 0.203 (0.202)	Data 0.002 (0.003)	Loss 4.0364 (4.0919)	Prec 5.469% (5.448%)
Epoch: [2][230/391]	Time 0.203 (0.202)	Data 0.002 (0.003)	Loss 4.0450 (4.0875)	Prec 6.250% (5.519%)
Epoch: [2][240/391]	Time 0.203 (0.202)	Data 0.002 (0.002)	Loss 4.0334 (4.0821)	Prec 6.250% (5.572%)
Epoch: [2][250/391]	Time 0.202 (0.202)	Data 0.002 (0.002)	Loss 4.4283 (4.0793)	Prec 5.469% (5.649%)
Epoch: [2][260/391]	Time 0.206 (0.202)	Data 0.002 (0.002)	Loss 3.9008 (4.0744)	Prec 7.031% (5.735%)
Epoch: [2][270/391]	Time 0.203 (0.202)	Data 0.002 (0.002)	Loss 4.0084 (4.0723)	Prec 5.469% (5.766%)
Epoch: [2][280/391]	Time 0.204 (0.202)	Data 0.002 (0.002)	Loss 3.9659 (4.0696)	Prec 6.250% (5.783%)
Epoch: [2][290/391]	Time 0.206 (0.202)	Data 0.003 (0.002)	Loss 4.0169 (4.0667)	Prec 4.688% (5.804%)
Epoch: [2][300/391]	Time 0.205 (0.202)	Data 0.002 (0.002)	Loss 3.8610 (4.0625)	Prec 10.938% (5.874%)
Epoch: [2][310/391]	Time 0.204 (0.202)	Data 0.002 (0.002)	Loss 4.0776 (4.0593)	Prec 6.250% (5.928%)
Epoch: [2][320/391]	Time 0.202 (0.202)	Data 0.002 (0.002)	Loss 4.0220 (4.0551)	Prec 9.375% (5.999%)
Epoch: [2][330/391]	Time 0.202 (0.202)	Data 0.002 (0.002)	Loss 4.1334 (4.0498)	Prec 4.688% (6.073%)
Epoch: [2][340/391]	Time 0.203 (0.202)	Data 0.002 (0.002)	Loss 3.8702 (4.0460)	Prec 9.375% (6.129%)
Epoch: [2][350/391]	Time 0.202 (0.202)	Data 0.002 (0.002)	Loss 3.9655 (4.0422)	Prec 3.125% (6.159%)
Epoch: [2][360/391]	Time 0.200 (0.202)	Data 0.002 (0.002)	Loss 3.8226 (4.0379)	Prec 10.938% (6.213%)
Epoch: [2][370/391]	Time 0.139 (0.202)	Data 0.002 (0.002)	Loss 3.9249 (4.0353)	Prec 3.125% (6.248%)
Epoch: [2][380/391]	Time 0.201 (0.202)	Data 0.002 (0.002)	Loss 3.9022 (4.0310)	Prec 7.031% (6.314%)
Epoch: [2][390/391]	Time 0.151 (0.202)	Data 0.002 (0.002)	Loss 3.9585 (4.0267)	Prec 8.750% (6.380%)
Test: [0/100]	Time 0.140 (0.140)	Loss 3.8538 (3.8538)	Prec 5.000% (5.000%)
Test: [10/100]	Time 0.036 (0.043)	Loss 3.9422 (3.8658)	Prec 6.000% (8.636%)
Test: [20/100]	Time 0.034 (0.038)	Loss 3.7406 (3.8687)	Prec 8.000% (8.333%)
Test: [30/100]	Time 0.025 (0.036)	Loss 3.9765 (3.8697)	Prec 8.000% (8.226%)
Test: [40/100]	Time 0.036 (0.035)	Loss 3.9220 (3.8787)	Prec 8.000% (8.195%)
Test: [50/100]	Time 0.034 (0.034)	Loss 3.8218 (3.8735)	Prec 14.000% (8.431%)
Test: [60/100]	Time 0.026 (0.034)	Loss 3.7915 (3.8658)	Prec 6.000% (8.508%)
Test: [70/100]	Time 0.033 (0.034)	Loss 3.9506 (3.8688)	Prec 8.000% (8.437%)
Test: [80/100]	Time 0.035 (0.034)	Loss 4.0309 (3.8783)	Prec 1.000% (8.333%)
Test: [90/100]	Time 0.030 (0.034)	Loss 3.7733 (3.8729)	Prec 9.000% (8.396%)
 * Prec 8.440% 
Epoch: [3][0/391]	Time 0.326 (0.326)	Data 0.119 (0.119)	Loss 3.7924 (3.7924)	Prec 10.156% (10.156%)
Epoch: [3][10/391]	Time 0.205 (0.215)	Data 0.002 (0.013)	Loss 4.0745 (3.8519)	Prec 5.469% (8.381%)
Epoch: [3][20/391]	Time 0.200 (0.209)	Data 0.002 (0.008)	Loss 3.9302 (3.8715)	Prec 9.375% (8.371%)
Epoch: [3][30/391]	Time 0.195 (0.207)	Data 0.002 (0.006)	Loss 3.7783 (3.8699)	Prec 10.156% (8.417%)
Epoch: [3][40/391]	Time 0.202 (0.206)	Data 0.002 (0.005)	Loss 4.1089 (3.8711)	Prec 7.031% (8.765%)
Epoch: [3][50/391]	Time 0.202 (0.205)	Data 0.002 (0.005)	Loss 3.6786 (3.8637)	Prec 9.375% (8.594%)
Epoch: [3][60/391]	Time 0.204 (0.205)	Data 0.002 (0.004)	Loss 3.8679 (3.8628)	Prec 9.375% (8.607%)
Epoch: [3][70/391]	Time 0.201 (0.205)	Data 0.003 (0.004)	Loss 3.9167 (3.8690)	Prec 10.156% (8.858%)
Epoch: [3][80/391]	Time 0.203 (0.204)	Data 0.002 (0.004)	Loss 3.7103 (3.8608)	Prec 10.156% (8.989%)
Epoch: [3][90/391]	Time 0.203 (0.204)	Data 0.002 (0.004)	Loss 3.7476 (3.8621)	Prec 18.750% (9.014%)
Epoch: [3][100/391]	Time 0.203 (0.204)	Data 0.002 (0.003)	Loss 3.8841 (3.8586)	Prec 7.031% (9.166%)
Epoch: [3][110/391]	Time 0.202 (0.204)	Data 0.002 (0.003)	Loss 3.7768 (3.8500)	Prec 9.375% (9.340%)
Epoch: [3][120/391]	Time 0.203 (0.204)	Data 0.002 (0.003)	Loss 3.6752 (3.8440)	Prec 9.375% (9.440%)
Epoch: [3][130/391]	Time 0.201 (0.204)	Data 0.002 (0.003)	Loss 3.7661 (3.8398)	Prec 8.594% (9.506%)
Epoch: [3][140/391]	Time 0.203 (0.204)	Data 0.002 (0.003)	Loss 3.8477 (3.8363)	Prec 7.031% (9.425%)
Epoch: [3][150/391]	Time 0.203 (0.204)	Data 0.002 (0.003)	Loss 3.8640 (3.8314)	Prec 10.156% (9.468%)
Epoch: [3][160/391]	Time 0.196 (0.203)	Data 0.003 (0.003)	Loss 3.6664 (3.8312)	Prec 11.719% (9.555%)
Epoch: [3][170/391]	Time 0.210 (0.202)	Data 0.002 (0.003)	Loss 3.8280 (3.8275)	Prec 7.031% (9.544%)
Epoch: [3][180/391]	Time 0.204 (0.202)	Data 0.002 (0.003)	Loss 3.7948 (3.8233)	Prec 7.812% (9.569%)
Epoch: [3][190/391]	Time 0.204 (0.202)	Data 0.002 (0.003)	Loss 3.6081 (3.8184)	Prec 13.281% (9.674%)
Epoch: [3][200/391]	Time 0.204 (0.202)	Data 0.002 (0.003)	Loss 3.7244 (3.8140)	Prec 7.812% (9.698%)
Epoch: [3][210/391]	Time 0.201 (0.202)	Data 0.002 (0.003)	Loss 3.7761 (3.8069)	Prec 7.812% (9.845%)
Epoch: [3][220/391]	Time 0.205 (0.202)	Data 0.002 (0.003)	Loss 3.8934 (3.8028)	Prec 9.375% (9.884%)
Epoch: [3][230/391]	Time 0.203 (0.202)	Data 0.006 (0.003)	Loss 3.5937 (3.7990)	Prec 10.938% (9.916%)
Epoch: [3][240/391]	Time 0.203 (0.202)	Data 0.002 (0.003)	Loss 3.6365 (3.7950)	Prec 14.062% (10.001%)
Epoch: [3][250/391]	Time 0.201 (0.202)	Data 0.003 (0.003)	Loss 3.6453 (3.7903)	Prec 10.156% (10.085%)
Epoch: [3][260/391]	Time 0.202 (0.202)	Data 0.003 (0.003)	Loss 3.6549 (3.7879)	Prec 11.719% (10.132%)
Epoch: [3][270/391]	Time 0.206 (0.202)	Data 0.002 (0.003)	Loss 3.5869 (3.7844)	Prec 12.500% (10.168%)
Epoch: [3][280/391]	Time 0.203 (0.202)	Data 0.002 (0.003)	Loss 3.5565 (3.7794)	Prec 14.062% (10.229%)
Epoch: [3][290/391]	Time 0.202 (0.202)	Data 0.002 (0.003)	Loss 3.4410 (3.7749)	Prec 17.969% (10.344%)
Epoch: [3][300/391]	Time 0.203 (0.202)	Data 0.004 (0.003)	Loss 3.7217 (3.7728)	Prec 12.500% (10.400%)
Epoch: [3][310/391]	Time 0.204 (0.202)	Data 0.002 (0.003)	Loss 3.6478 (3.7693)	Prec 13.281% (10.453%)
Epoch: [3][320/391]	Time 0.205 (0.202)	Data 0.003 (0.003)	Loss 3.6924 (3.7643)	Prec 14.062% (10.548%)
Epoch: [3][330/391]	Time 0.202 (0.202)	Data 0.002 (0.003)	Loss 3.5210 (3.7621)	Prec 14.844% (10.588%)
Epoch: [3][340/391]	Time 0.205 (0.202)	Data 0.002 (0.003)	Loss 3.3699 (3.7608)	Prec 17.969% (10.594%)
Epoch: [3][350/391]	Time 0.204 (0.202)	Data 0.002 (0.003)	Loss 3.5421 (3.7594)	Prec 11.719% (10.624%)
Epoch: [3][360/391]	Time 0.204 (0.203)	Data 0.002 (0.003)	Loss 3.7104 (3.7561)	Prec 10.156% (10.665%)
Epoch: [3][370/391]	Time 0.192 (0.202)	Data 0.002 (0.003)	Loss 3.6588 (3.7520)	Prec 10.938% (10.718%)
Epoch: [3][380/391]	Time 0.186 (0.201)	Data 0.002 (0.003)	Loss 3.5647 (3.7472)	Prec 15.625% (10.808%)
Epoch: [3][390/391]	Time 0.138 (0.201)	Data 0.002 (0.003)	Loss 3.5581 (3.7432)	Prec 13.750% (10.868%)
Test: [0/100]	Time 0.143 (0.143)	Loss 3.8837 (3.8837)	Prec 10.000% (10.000%)
Test: [10/100]	Time 0.038 (0.043)	Loss 3.8110 (3.7344)	Prec 18.000% (12.273%)
Test: [20/100]	Time 0.034 (0.037)	Loss 3.5472 (3.7258)	Prec 16.000% (12.286%)
Test: [30/100]	Time 0.033 (0.036)	Loss 3.8892 (3.7292)	Prec 10.000% (11.871%)
Test: [40/100]	Time 0.036 (0.035)	Loss 3.8300 (3.7350)	Prec 10.000% (11.854%)
Test: [50/100]	Time 0.034 (0.034)	Loss 3.5982 (3.7195)	Prec 17.000% (12.118%)
Test: [60/100]	Time 0.025 (0.034)	Loss 3.6238 (3.7145)	Prec 11.000% (12.246%)
Test: [70/100]	Time 0.034 (0.034)	Loss 3.7739 (3.7140)	Prec 12.000% (12.296%)
Test: [80/100]	Time 0.034 (0.033)	Loss 3.8857 (3.7247)	Prec 13.000% (12.358%)
Test: [90/100]	Time 0.026 (0.033)	Loss 3.5694 (3.7130)	Prec 11.000% (12.253%)
 * Prec 12.310% 
Epoch: [4][0/391]	Time 0.358 (0.358)	Data 0.141 (0.141)	Loss 3.5688 (3.5688)	Prec 12.500% (12.500%)
Epoch: [4][10/391]	Time 0.204 (0.218)	Data 0.002 (0.015)	Loss 3.5284 (3.5915)	Prec 11.719% (13.849%)
Epoch: [4][20/391]	Time 0.202 (0.211)	Data 0.002 (0.009)	Loss 3.3974 (3.5944)	Prec 16.406% (13.988%)
Epoch: [4][30/391]	Time 0.200 (0.208)	Data 0.002 (0.007)	Loss 3.5572 (3.5941)	Prec 16.406% (13.558%)
Epoch: [4][40/391]	Time 0.204 (0.207)	Data 0.002 (0.006)	Loss 3.4615 (3.5852)	Prec 20.312% (13.453%)
Epoch: [4][50/391]	Time 0.202 (0.206)	Data 0.002 (0.005)	Loss 3.4014 (3.5621)	Prec 11.719% (14.032%)
Epoch: [4][60/391]	Time 0.205 (0.206)	Data 0.002 (0.004)	Loss 3.5119 (3.5743)	Prec 14.844% (13.909%)
Epoch: [4][70/391]	Time 0.201 (0.205)	Data 0.002 (0.004)	Loss 3.2385 (3.5663)	Prec 23.438% (14.096%)
Epoch: [4][80/391]	Time 0.204 (0.205)	Data 0.002 (0.004)	Loss 3.3063 (3.5562)	Prec 21.094% (14.506%)
Epoch: [4][90/391]	Time 0.205 (0.205)	Data 0.002 (0.004)	Loss 3.4414 (3.5496)	Prec 17.188% (14.526%)
Epoch: [4][100/391]	Time 0.203 (0.205)	Data 0.002 (0.003)	Loss 3.4915 (3.5563)	Prec 11.719% (14.264%)
Epoch: [4][110/391]	Time 0.200 (0.205)	Data 0.002 (0.003)	Loss 3.4058 (3.5565)	Prec 16.406% (14.407%)
Epoch: [4][120/391]	Time 0.203 (0.205)	Data 0.002 (0.003)	Loss 3.5351 (3.5510)	Prec 15.625% (14.566%)
Epoch: [4][130/391]	Time 0.205 (0.204)	Data 0.002 (0.003)	Loss 3.5706 (3.5518)	Prec 12.500% (14.552%)
Epoch: [4][140/391]	Time 0.204 (0.204)	Data 0.003 (0.003)	Loss 3.5954 (3.5483)	Prec 12.500% (14.556%)
Epoch: [4][150/391]	Time 0.202 (0.204)	Data 0.002 (0.003)	Loss 3.4596 (3.5457)	Prec 11.719% (14.606%)
Epoch: [4][160/391]	Time 0.204 (0.204)	Data 0.002 (0.003)	Loss 3.3627 (3.5382)	Prec 11.719% (14.684%)
Epoch: [4][170/391]	Time 0.196 (0.203)	Data 0.003 (0.003)	Loss 3.7579 (3.5358)	Prec 9.375% (14.771%)
Epoch: [4][180/391]	Time 0.203 (0.202)	Data 0.002 (0.003)	Loss 3.4191 (3.5320)	Prec 14.062% (14.887%)
Epoch: [4][190/391]	Time 0.204 (0.202)	Data 0.002 (0.003)	Loss 3.4021 (3.5271)	Prec 16.406% (14.926%)
Epoch: [4][200/391]	Time 0.203 (0.202)	Data 0.002 (0.003)	Loss 3.4286 (3.5230)	Prec 16.406% (14.918%)
Epoch: [4][210/391]	Time 0.203 (0.202)	Data 0.002 (0.003)	Loss 3.5821 (3.5209)	Prec 15.625% (15.029%)
Epoch: [4][220/391]	Time 0.202 (0.202)	Data 0.002 (0.003)	Loss 3.4346 (3.5149)	Prec 15.625% (15.098%)
Epoch: [4][230/391]	Time 0.201 (0.202)	Data 0.002 (0.003)	Loss 3.2240 (3.5075)	Prec 16.406% (15.229%)
Epoch: [4][240/391]	Time 0.203 (0.203)	Data 0.002 (0.003)	Loss 3.1925 (3.5010)	Prec 18.750% (15.336%)
Epoch: [4][250/391]	Time 0.203 (0.203)	Data 0.002 (0.003)	Loss 3.3065 (3.4973)	Prec 19.531% (15.413%)
Epoch: [4][260/391]	Time 0.203 (0.203)	Data 0.002 (0.003)	Loss 3.4480 (3.4933)	Prec 17.188% (15.511%)
Epoch: [4][270/391]	Time 0.210 (0.203)	Data 0.002 (0.003)	Loss 3.4970 (3.4856)	Prec 16.406% (15.611%)
Epoch: [4][280/391]	Time 0.205 (0.203)	Data 0.002 (0.003)	Loss 3.3774 (3.4814)	Prec 17.969% (15.647%)
Epoch: [4][290/391]	Time 0.205 (0.203)	Data 0.002 (0.003)	Loss 3.3249 (3.4803)	Prec 19.531% (15.722%)
Epoch: [4][300/391]	Time 0.206 (0.203)	Data 0.002 (0.003)	Loss 3.3092 (3.4737)	Prec 17.969% (15.820%)
Epoch: [4][310/391]	Time 0.202 (0.203)	Data 0.002 (0.003)	Loss 3.4859 (3.4721)	Prec 18.750% (15.864%)
Epoch: [4][320/391]	Time 0.204 (0.203)	Data 0.002 (0.003)	Loss 3.3887 (3.4665)	Prec 18.750% (15.968%)
Epoch: [4][330/391]	Time 0.205 (0.203)	Data 0.002 (0.003)	Loss 3.2402 (3.4623)	Prec 15.625% (16.024%)
Epoch: [4][340/391]	Time 0.202 (0.203)	Data 0.003 (0.002)	Loss 3.3918 (3.4569)	Prec 16.406% (16.134%)
Epoch: [4][350/391]	Time 0.203 (0.203)	Data 0.002 (0.002)	Loss 3.2366 (3.4528)	Prec 14.844% (16.193%)
Epoch: [4][360/391]	Time 0.203 (0.203)	Data 0.002 (0.002)	Loss 3.3400 (3.4483)	Prec 14.844% (16.248%)
Epoch: [4][370/391]	Time 0.202 (0.203)	Data 0.002 (0.002)	Loss 3.2799 (3.4463)	Prec 19.531% (16.280%)
Epoch: [4][380/391]	Time 0.202 (0.202)	Data 0.002 (0.002)	Loss 3.2743 (3.4409)	Prec 19.531% (16.384%)
Epoch: [4][390/391]	Time 0.143 (0.202)	Data 0.002 (0.002)	Loss 3.2195 (3.4357)	Prec 17.500% (16.484%)
Test: [0/100]	Time 0.139 (0.139)	Loss 3.6251 (3.6251)	Prec 18.000% (18.000%)
Test: [10/100]	Time 0.033 (0.042)	Loss 3.2549 (3.4141)	Prec 19.000% (18.636%)
Test: [20/100]	Time 0.030 (0.037)	Loss 3.3238 (3.4656)	Prec 18.000% (17.190%)
Test: [30/100]	Time 0.033 (0.036)	Loss 3.4261 (3.4507)	Prec 21.000% (17.452%)
Test: [40/100]	Time 0.036 (0.035)	Loss 3.3950 (3.4509)	Prec 21.000% (18.098%)
Test: [50/100]	Time 0.030 (0.034)	Loss 3.5642 (3.4541)	Prec 16.000% (17.922%)
Test: [60/100]	Time 0.036 (0.034)	Loss 3.3548 (3.4516)	Prec 15.000% (17.525%)
Test: [70/100]	Time 0.034 (0.033)	Loss 3.7201 (3.4560)	Prec 12.000% (17.338%)
Test: [80/100]	Time 0.030 (0.033)	Loss 3.6097 (3.4610)	Prec 16.000% (17.259%)
Test: [90/100]	Time 0.036 (0.033)	Loss 3.2605 (3.4517)	Prec 15.000% (17.308%)
 * Prec 17.320% 
Epoch: [5][0/391]	Time 0.320 (0.320)	Data 0.114 (0.114)	Loss 3.2155 (3.2155)	Prec 18.750% (18.750%)
Epoch: [5][10/391]	Time 0.203 (0.215)	Data 0.002 (0.012)	Loss 3.4295 (3.2630)	Prec 19.531% (20.526%)
Epoch: [5][20/391]	Time 0.202 (0.209)	Data 0.002 (0.007)	Loss 3.3867 (3.2921)	Prec 17.188% (19.420%)
Epoch: [5][30/391]	Time 0.204 (0.207)	Data 0.002 (0.006)	Loss 2.9367 (3.2660)	Prec 27.344% (19.909%)
Epoch: [5][40/391]	Time 0.203 (0.206)	Data 0.002 (0.005)	Loss 3.1739 (3.2463)	Prec 22.656% (19.703%)
Epoch: [5][50/391]	Time 0.201 (0.206)	Data 0.002 (0.004)	Loss 3.2091 (3.2354)	Prec 16.406% (19.853%)
Epoch: [5][60/391]	Time 0.202 (0.205)	Data 0.002 (0.004)	Loss 3.2460 (3.2226)	Prec 16.406% (19.826%)
Epoch: [5][70/391]	Time 0.204 (0.205)	Data 0.002 (0.004)	Loss 2.9990 (3.2189)	Prec 22.656% (20.081%)
Epoch: [5][80/391]	Time 0.203 (0.205)	Data 0.002 (0.003)	Loss 3.1505 (3.2238)	Prec 22.656% (19.994%)
Epoch: [5][90/391]	Time 0.204 (0.205)	Data 0.002 (0.003)	Loss 3.0860 (3.2057)	Prec 19.531% (20.330%)
Epoch: [5][100/391]	Time 0.204 (0.204)	Data 0.002 (0.003)	Loss 3.2537 (3.2016)	Prec 16.406% (20.374%)
Epoch: [5][110/391]	Time 0.203 (0.204)	Data 0.002 (0.003)	Loss 3.2745 (3.2018)	Prec 20.312% (20.488%)
Epoch: [5][120/391]	Time 0.202 (0.204)	Data 0.002 (0.003)	Loss 2.9058 (3.1946)	Prec 27.344% (20.726%)
Epoch: [5][130/391]	Time 0.202 (0.204)	Data 0.002 (0.003)	Loss 3.0577 (3.1919)	Prec 23.438% (20.831%)
Epoch: [5][140/391]	Time 0.205 (0.204)	Data 0.002 (0.003)	Loss 3.3786 (3.1923)	Prec 18.750% (20.944%)
Epoch: [5][150/391]	Time 0.202 (0.204)	Data 0.002 (0.003)	Loss 3.1561 (3.1868)	Prec 27.344% (21.078%)
Epoch: [5][160/391]	Time 0.205 (0.204)	Data 0.002 (0.003)	Loss 3.2099 (3.1825)	Prec 24.219% (21.142%)
Epoch: [5][170/391]	Time 0.136 (0.203)	Data 0.002 (0.003)	Loss 2.9289 (3.1727)	Prec 25.781% (21.322%)
Epoch: [5][180/391]	Time 0.203 (0.203)	Data 0.002 (0.003)	Loss 3.0134 (3.1621)	Prec 25.781% (21.504%)
Epoch: [5][190/391]	Time 0.202 (0.202)	Data 0.002 (0.003)	Loss 3.1778 (3.1588)	Prec 24.219% (21.621%)
Epoch: [5][200/391]	Time 0.205 (0.202)	Data 0.002 (0.003)	Loss 3.2251 (3.1557)	Prec 18.750% (21.665%)
Epoch: [5][210/391]	Time 0.204 (0.202)	Data 0.002 (0.003)	Loss 3.1838 (3.1494)	Prec 17.969% (21.705%)
Epoch: [5][220/391]	Time 0.203 (0.202)	Data 0.002 (0.003)	Loss 3.2122 (3.1462)	Prec 14.844% (21.748%)
Epoch: [5][230/391]	Time 0.204 (0.202)	Data 0.002 (0.002)	Loss 2.9762 (3.1417)	Prec 23.438% (21.740%)
Epoch: [5][240/391]	Time 0.204 (0.202)	Data 0.002 (0.002)	Loss 3.0757 (3.1378)	Prec 25.781% (21.865%)
Epoch: [5][250/391]	Time 0.201 (0.202)	Data 0.002 (0.002)	Loss 3.4093 (3.1377)	Prec 21.875% (21.866%)
Epoch: [5][260/391]	Time 0.202 (0.202)	Data 0.002 (0.002)	Loss 2.8155 (3.1341)	Prec 29.688% (21.902%)
Epoch: [5][270/391]	Time 0.201 (0.202)	Data 0.002 (0.002)	Loss 2.9852 (3.1303)	Prec 18.750% (21.933%)
Epoch: [5][280/391]	Time 0.201 (0.202)	Data 0.002 (0.002)	Loss 3.0424 (3.1274)	Prec 17.969% (22.025%)
Epoch: [5][290/391]	Time 0.206 (0.202)	Data 0.002 (0.002)	Loss 3.0710 (3.1232)	Prec 28.125% (22.149%)
Epoch: [5][300/391]	Time 0.202 (0.202)	Data 0.002 (0.002)	Loss 3.0328 (3.1197)	Prec 25.000% (22.212%)
Epoch: [5][310/391]	Time 0.201 (0.202)	Data 0.002 (0.002)	Loss 2.9295 (3.1181)	Prec 23.438% (22.254%)
Epoch: [5][320/391]	Time 0.205 (0.202)	Data 0.002 (0.002)	Loss 2.8260 (3.1129)	Prec 27.344% (22.340%)
Epoch: [5][330/391]	Time 0.204 (0.203)	Data 0.002 (0.002)	Loss 2.9939 (3.1116)	Prec 27.344% (22.378%)
Epoch: [5][340/391]	Time 0.201 (0.203)	Data 0.002 (0.002)	Loss 2.9141 (3.1074)	Prec 21.094% (22.434%)
Epoch: [5][350/391]	Time 0.200 (0.203)	Data 0.002 (0.002)	Loss 2.7962 (3.1010)	Prec 30.469% (22.567%)
Epoch: [5][360/391]	Time 0.205 (0.203)	Data 0.002 (0.002)	Loss 3.0677 (3.0954)	Prec 29.688% (22.726%)
Epoch: [5][370/391]	Time 0.204 (0.203)	Data 0.002 (0.002)	Loss 2.8108 (3.0886)	Prec 28.906% (22.871%)
Epoch: [5][380/391]	Time 0.130 (0.202)	Data 0.002 (0.002)	Loss 2.7845 (3.0821)	Prec 28.125% (22.988%)
Epoch: [5][390/391]	Time 0.140 (0.202)	Data 0.002 (0.002)	Loss 2.7364 (3.0775)	Prec 25.000% (23.062%)
Test: [0/100]	Time 0.123 (0.123)	Loss 3.0998 (3.0998)	Prec 26.000% (26.000%)
Test: [10/100]	Time 0.019 (0.030)	Loss 2.9334 (3.0266)	Prec 24.000% (25.000%)
Test: [20/100]	Time 0.036 (0.028)	Loss 2.7918 (3.0229)	Prec 25.000% (24.952%)
Test: [30/100]	Time 0.025 (0.029)	Loss 3.0660 (3.0217)	Prec 27.000% (25.000%)
Test: [40/100]	Time 0.034 (0.030)	Loss 3.2983 (3.0377)	Prec 20.000% (24.707%)
Test: [50/100]	Time 0.034 (0.030)	Loss 2.9164 (3.0444)	Prec 29.000% (24.922%)
Test: [60/100]	Time 0.033 (0.031)	Loss 2.9208 (3.0470)	Prec 25.000% (25.016%)
Test: [70/100]	Time 0.030 (0.031)	Loss 3.1371 (3.0493)	Prec 27.000% (25.141%)
Test: [80/100]	Time 0.038 (0.031)	Loss 3.2953 (3.0619)	Prec 21.000% (24.815%)
Test: [90/100]	Time 0.035 (0.031)	Loss 2.9114 (3.0554)	Prec 27.000% (24.846%)
 * Prec 24.800% 
Epoch: [6][0/391]	Time 0.340 (0.340)	Data 0.119 (0.119)	Loss 3.0472 (3.0472)	Prec 23.438% (23.438%)
Epoch: [6][10/391]	Time 0.202 (0.217)	Data 0.002 (0.012)	Loss 2.5909 (2.8323)	Prec 37.500% (29.261%)
Epoch: [6][20/391]	Time 0.202 (0.210)	Data 0.002 (0.007)	Loss 2.8323 (2.8345)	Prec 27.344% (29.129%)
Epoch: [6][30/391]	Time 0.203 (0.208)	Data 0.002 (0.006)	Loss 2.8122 (2.8267)	Prec 30.469% (28.831%)
Epoch: [6][40/391]	Time 0.201 (0.207)	Data 0.002 (0.005)	Loss 2.7614 (2.8248)	Prec 27.344% (28.659%)
Epoch: [6][50/391]	Time 0.202 (0.206)	Data 0.002 (0.004)	Loss 2.9486 (2.8282)	Prec 27.344% (28.278%)
Epoch: [6][60/391]	Time 0.204 (0.206)	Data 0.002 (0.004)	Loss 2.8900 (2.8243)	Prec 28.906% (28.189%)
Epoch: [6][70/391]	Time 0.202 (0.205)	Data 0.002 (0.004)	Loss 2.4991 (2.8099)	Prec 38.281% (28.510%)
Epoch: [6][80/391]	Time 0.202 (0.205)	Data 0.002 (0.003)	Loss 2.7973 (2.8177)	Prec 32.812% (28.482%)
Epoch: [6][90/391]	Time 0.206 (0.205)	Data 0.002 (0.003)	Loss 2.4994 (2.8148)	Prec 34.375% (28.468%)
Epoch: [6][100/391]	Time 0.205 (0.205)	Data 0.002 (0.003)	Loss 3.1021 (2.8152)	Prec 24.219% (28.419%)
Epoch: [6][110/391]	Time 0.207 (0.205)	Data 0.002 (0.003)	Loss 2.8330 (2.8127)	Prec 26.562% (28.399%)
Epoch: [6][120/391]	Time 0.205 (0.204)	Data 0.002 (0.003)	Loss 2.6254 (2.8105)	Prec 32.031% (28.435%)
Epoch: [6][130/391]	Time 0.203 (0.204)	Data 0.002 (0.003)	Loss 2.8663 (2.8094)	Prec 31.250% (28.334%)
Epoch: [6][140/391]	Time 0.202 (0.204)	Data 0.002 (0.003)	Loss 2.4875 (2.7974)	Prec 36.719% (28.596%)
Epoch: [6][150/391]	Time 0.202 (0.204)	Data 0.002 (0.003)	Loss 2.8199 (2.7965)	Prec 25.000% (28.668%)
Epoch: [6][160/391]	Time 0.202 (0.204)	Data 0.002 (0.003)	Loss 2.8831 (2.7965)	Prec 23.438% (28.659%)
Epoch: [6][170/391]	Time 0.201 (0.204)	Data 0.002 (0.003)	Loss 2.7086 (2.7958)	Prec 28.906% (28.545%)
Epoch: [6][180/391]	Time 0.199 (0.203)	Data 0.002 (0.003)	Loss 2.7722 (2.7958)	Prec 27.344% (28.531%)
Epoch: [6][190/391]	Time 0.134 (0.203)	Data 0.002 (0.003)	Loss 2.7418 (2.7906)	Prec 28.125% (28.632%)
Epoch: [6][200/391]	Time 0.206 (0.202)	Data 0.002 (0.003)	Loss 2.6678 (2.7816)	Prec 35.938% (28.852%)
Epoch: [6][210/391]	Time 0.202 (0.202)	Data 0.002 (0.003)	Loss 2.7478 (2.7760)	Prec 28.125% (28.973%)
Epoch: [6][220/391]	Time 0.204 (0.202)	Data 0.002 (0.003)	Loss 2.7833 (2.7689)	Prec 33.594% (29.136%)
Epoch: [6][230/391]	Time 0.202 (0.202)	Data 0.002 (0.002)	Loss 2.7400 (2.7624)	Prec 25.781% (29.241%)
Epoch: [6][240/391]	Time 0.205 (0.202)	Data 0.002 (0.002)	Loss 2.7363 (2.7646)	Prec 35.156% (29.175%)
Epoch: [6][250/391]	Time 0.204 (0.202)	Data 0.002 (0.002)	Loss 2.7039 (2.7625)	Prec 32.812% (29.214%)
Epoch: [6][260/391]	Time 0.203 (0.202)	Data 0.002 (0.002)	Loss 2.6778 (2.7579)	Prec 28.906% (29.316%)
Epoch: [6][270/391]	Time 0.202 (0.203)	Data 0.002 (0.002)	Loss 2.5122 (2.7537)	Prec 31.250% (29.336%)
Epoch: [6][280/391]	Time 0.200 (0.203)	Data 0.002 (0.002)	Loss 2.2709 (2.7476)	Prec 35.156% (29.429%)
Epoch: [6][290/391]	Time 0.201 (0.203)	Data 0.002 (0.002)	Loss 2.6825 (2.7453)	Prec 32.031% (29.513%)
Epoch: [6][300/391]	Time 0.203 (0.203)	Data 0.002 (0.002)	Loss 2.6613 (2.7408)	Prec 37.500% (29.659%)
Epoch: [6][310/391]	Time 0.203 (0.203)	Data 0.002 (0.002)	Loss 2.6934 (2.7392)	Prec 30.469% (29.740%)
Epoch: [6][320/391]	Time 0.202 (0.203)	Data 0.002 (0.002)	Loss 2.5809 (2.7353)	Prec 32.031% (29.795%)
Epoch: [6][330/391]	Time 0.201 (0.203)	Data 0.002 (0.002)	Loss 2.8372 (2.7336)	Prec 31.250% (29.831%)
Epoch: [6][340/391]	Time 0.199 (0.203)	Data 0.002 (0.002)	Loss 2.5954 (2.7307)	Prec 34.375% (29.910%)
Epoch: [6][350/391]	Time 0.200 (0.203)	Data 0.002 (0.002)	Loss 2.5206 (2.7286)	Prec 33.594% (29.943%)
Epoch: [6][360/391]	Time 0.203 (0.203)	Data 0.003 (0.002)	Loss 2.3783 (2.7236)	Prec 34.375% (30.038%)
Epoch: [6][370/391]	Time 0.205 (0.203)	Data 0.002 (0.002)	Loss 2.4742 (2.7204)	Prec 32.031% (30.090%)
Epoch: [6][380/391]	Time 0.202 (0.203)	Data 0.002 (0.002)	Loss 2.5626 (2.7176)	Prec 30.469% (30.124%)
Epoch: [6][390/391]	Time 0.130 (0.202)	Data 0.002 (0.002)	Loss 2.5083 (2.7151)	Prec 36.250% (30.180%)
Test: [0/100]	Time 0.129 (0.129)	Loss 2.8699 (2.8699)	Prec 31.000% (31.000%)
Test: [10/100]	Time 0.028 (0.040)	Loss 2.6601 (2.7193)	Prec 31.000% (30.727%)
Test: [20/100]	Time 0.029 (0.036)	Loss 2.4419 (2.6719)	Prec 35.000% (31.143%)
Test: [30/100]	Time 0.031 (0.035)	Loss 3.0612 (2.6982)	Prec 24.000% (30.613%)
Test: [40/100]	Time 0.031 (0.035)	Loss 2.8496 (2.7043)	Prec 28.000% (30.463%)
Test: [50/100]	Time 0.019 (0.033)	Loss 2.4701 (2.7138)	Prec 33.000% (30.490%)
Test: [60/100]	Time 0.031 (0.031)	Loss 2.4146 (2.6984)	Prec 36.000% (31.000%)
Test: [70/100]	Time 0.038 (0.032)	Loss 2.9029 (2.6948)	Prec 26.000% (31.282%)
Test: [80/100]	Time 0.034 (0.032)	Loss 2.7269 (2.6991)	Prec 35.000% (31.123%)
Test: [90/100]	Time 0.033 (0.032)	Loss 2.7585 (2.6957)	Prec 29.000% (31.407%)
 * Prec 31.350% 
Epoch: [7][0/391]	Time 0.340 (0.340)	Data 0.118 (0.118)	Loss 2.4033 (2.4033)	Prec 38.281% (38.281%)
Epoch: [7][10/391]	Time 0.203 (0.217)	Data 0.002 (0.013)	Loss 2.4324 (2.4841)	Prec 36.719% (35.724%)
Epoch: [7][20/391]	Time 0.200 (0.210)	Data 0.002 (0.008)	Loss 2.5913 (2.5357)	Prec 35.938% (34.375%)
Epoch: [7][30/391]	Time 0.202 (0.208)	Data 0.002 (0.006)	Loss 2.4655 (2.5332)	Prec 35.156% (33.972%)
Epoch: [7][40/391]	Time 0.201 (0.207)	Data 0.002 (0.005)	Loss 2.7788 (2.5264)	Prec 27.344% (34.318%)
Epoch: [7][50/391]	Time 0.206 (0.206)	Data 0.002 (0.004)	Loss 2.6494 (2.5069)	Prec 31.250% (34.819%)
Epoch: [7][60/391]	Time 0.203 (0.206)	Data 0.002 (0.004)	Loss 2.4847 (2.5018)	Prec 40.625% (35.067%)
Epoch: [7][70/391]	Time 0.203 (0.205)	Data 0.002 (0.004)	Loss 2.3307 (2.4934)	Prec 35.938% (35.200%)
Epoch: [7][80/391]	Time 0.197 (0.205)	Data 0.002 (0.003)	Loss 2.1763 (2.4950)	Prec 42.188% (35.108%)
Epoch: [7][90/391]	Time 0.203 (0.205)	Data 0.002 (0.003)	Loss 2.4543 (2.4876)	Prec 33.594% (35.130%)
Epoch: [7][100/391]	Time 0.204 (0.205)	Data 0.002 (0.003)	Loss 2.5743 (2.4939)	Prec 29.688% (35.094%)
Epoch: [7][110/391]	Time 0.203 (0.204)	Data 0.002 (0.003)	Loss 2.3610 (2.4978)	Prec 42.188% (35.184%)
Epoch: [7][120/391]	Time 0.205 (0.204)	Data 0.002 (0.003)	Loss 2.5537 (2.4949)	Prec 33.594% (35.201%)
Epoch: [7][130/391]	Time 0.205 (0.204)	Data 0.002 (0.003)	Loss 2.4460 (2.4897)	Prec 37.500% (35.264%)
Epoch: [7][140/391]	Time 0.199 (0.204)	Data 0.002 (0.003)	Loss 2.8364 (2.4877)	Prec 35.938% (35.356%)
Epoch: [7][150/391]	Time 0.201 (0.204)	Data 0.002 (0.003)	Loss 2.2788 (2.4902)	Prec 39.062% (35.203%)
Epoch: [7][160/391]	Time 0.201 (0.204)	Data 0.002 (0.003)	Loss 2.6214 (2.4921)	Prec 31.250% (35.244%)
Epoch: [7][170/391]	Time 0.205 (0.204)	Data 0.002 (0.003)	Loss 2.6604 (2.4865)	Prec 28.906% (35.261%)
Epoch: [7][180/391]	Time 0.204 (0.204)	Data 0.002 (0.003)	Loss 2.6192 (2.4825)	Prec 34.375% (35.273%)
Epoch: [7][190/391]	Time 0.206 (0.203)	Data 0.002 (0.003)	Loss 2.2374 (2.4810)	Prec 35.938% (35.197%)
Epoch: [7][200/391]	Time 0.209 (0.202)	Data 0.003 (0.003)	Loss 2.2872 (2.4781)	Prec 39.844% (35.215%)
Epoch: [7][210/391]	Time 0.202 (0.202)	Data 0.002 (0.003)	Loss 2.3601 (2.4746)	Prec 42.188% (35.360%)
Epoch: [7][220/391]	Time 0.200 (0.202)	Data 0.002 (0.003)	Loss 2.3447 (2.4708)	Prec 38.281% (35.421%)
Epoch: [7][230/391]	Time 0.203 (0.202)	Data 0.002 (0.003)	Loss 2.5754 (2.4701)	Prec 32.812% (35.518%)
Epoch: [7][240/391]	Time 0.204 (0.202)	Data 0.002 (0.003)	Loss 2.2385 (2.4693)	Prec 42.969% (35.526%)
Epoch: [7][250/391]	Time 0.204 (0.202)	Data 0.002 (0.003)	Loss 2.3888 (2.4632)	Prec 36.719% (35.670%)
Epoch: [7][260/391]	Time 0.203 (0.202)	Data 0.002 (0.003)	Loss 2.3565 (2.4608)	Prec 38.281% (35.752%)
Epoch: [7][270/391]	Time 0.199 (0.202)	Data 0.002 (0.003)	Loss 2.0811 (2.4572)	Prec 42.969% (35.802%)
Epoch: [7][280/391]	Time 0.203 (0.202)	Data 0.002 (0.003)	Loss 2.5596 (2.4568)	Prec 23.438% (35.790%)
Epoch: [7][290/391]	Time 0.204 (0.202)	Data 0.002 (0.003)	Loss 2.2318 (2.4540)	Prec 39.062% (35.819%)
Epoch: [7][300/391]	Time 0.203 (0.202)	Data 0.002 (0.003)	Loss 2.5308 (2.4523)	Prec 34.375% (35.886%)
Epoch: [7][310/391]	Time 0.204 (0.202)	Data 0.002 (0.003)	Loss 2.2927 (2.4500)	Prec 39.062% (35.887%)
Epoch: [7][320/391]	Time 0.203 (0.202)	Data 0.002 (0.003)	Loss 2.3822 (2.4452)	Prec 35.156% (35.933%)
Epoch: [7][330/391]	Time 0.204 (0.202)	Data 0.002 (0.002)	Loss 2.5179 (2.4424)	Prec 31.250% (35.971%)
Epoch: [7][340/391]	Time 0.201 (0.202)	Data 0.002 (0.002)	Loss 2.2880 (2.4403)	Prec 36.719% (35.960%)
Epoch: [7][350/391]	Time 0.204 (0.202)	Data 0.002 (0.002)	Loss 2.1687 (2.4372)	Prec 42.188% (36.009%)
Epoch: [7][360/391]	Time 0.201 (0.203)	Data 0.002 (0.002)	Loss 2.1818 (2.4352)	Prec 44.531% (36.059%)
Epoch: [7][370/391]	Time 0.202 (0.203)	Data 0.002 (0.002)	Loss 2.2595 (2.4319)	Prec 37.500% (36.083%)
Epoch: [7][380/391]	Time 0.206 (0.203)	Data 0.002 (0.002)	Loss 2.1347 (2.4280)	Prec 39.062% (36.151%)
Epoch: [7][390/391]	Time 0.150 (0.202)	Data 0.002 (0.002)	Loss 2.2267 (2.4249)	Prec 35.000% (36.236%)
Test: [0/100]	Time 0.125 (0.125)	Loss 2.6647 (2.6647)	Prec 33.000% (33.000%)
Test: [10/100]	Time 0.034 (0.040)	Loss 2.7346 (2.7190)	Prec 31.000% (32.182%)
Test: [20/100]	Time 0.020 (0.032)	Loss 2.3869 (2.6720)	Prec 33.000% (32.762%)
Test: [30/100]	Time 0.031 (0.031)	Loss 2.7217 (2.6686)	Prec 30.000% (32.710%)
Test: [40/100]	Time 0.029 (0.031)	Loss 2.8088 (2.6735)	Prec 42.000% (32.805%)
Test: [50/100]	Time 0.034 (0.031)	Loss 2.5781 (2.6757)	Prec 36.000% (32.745%)
Test: [60/100]	Time 0.031 (0.032)	Loss 2.4648 (2.6656)	Prec 41.000% (33.098%)
Test: [70/100]	Time 0.034 (0.032)	Loss 3.1355 (2.6704)	Prec 31.000% (33.141%)
Test: [80/100]	Time 0.029 (0.032)	Loss 2.9320 (2.6837)	Prec 29.000% (32.988%)
Test: [90/100]	Time 0.020 (0.031)	Loss 2.6321 (2.6815)	Prec 34.000% (33.121%)
 * Prec 33.220% 
Epoch: [8][0/391]	Time 0.306 (0.306)	Data 0.110 (0.110)	Loss 2.3922 (2.3922)	Prec 35.938% (35.938%)
Epoch: [8][10/391]	Time 0.202 (0.212)	Data 0.003 (0.012)	Loss 2.2259 (2.3079)	Prec 35.156% (38.849%)
Epoch: [8][20/391]	Time 0.206 (0.208)	Data 0.002 (0.007)	Loss 2.4773 (2.3170)	Prec 32.812% (38.393%)
Epoch: [8][30/391]	Time 0.203 (0.206)	Data 0.002 (0.006)	Loss 2.3150 (2.2945)	Prec 36.719% (38.584%)
Epoch: [8][40/391]	Time 0.202 (0.205)	Data 0.002 (0.005)	Loss 2.3404 (2.2742)	Prec 38.281% (39.215%)
Epoch: [8][50/391]	Time 0.203 (0.205)	Data 0.002 (0.004)	Loss 2.0809 (2.2716)	Prec 37.500% (39.216%)
Epoch: [8][60/391]	Time 0.203 (0.205)	Data 0.002 (0.004)	Loss 2.2584 (2.2662)	Prec 35.938% (39.357%)
Epoch: [8][70/391]	Time 0.202 (0.204)	Data 0.002 (0.004)	Loss 2.4305 (2.2662)	Prec 40.625% (39.283%)
Epoch: [8][80/391]	Time 0.203 (0.204)	Data 0.002 (0.003)	Loss 2.0892 (2.2703)	Prec 36.719% (39.188%)
Epoch: [8][90/391]	Time 0.199 (0.204)	Data 0.002 (0.003)	Loss 2.0452 (2.2694)	Prec 44.531% (39.406%)
Epoch: [8][100/391]	Time 0.204 (0.204)	Data 0.003 (0.003)	Loss 2.4578 (2.2698)	Prec 35.156% (39.511%)
Epoch: [8][110/391]	Time 0.201 (0.204)	Data 0.002 (0.003)	Loss 2.2345 (2.2669)	Prec 44.531% (39.569%)
Epoch: [8][120/391]	Time 0.201 (0.204)	Data 0.002 (0.003)	Loss 2.4941 (2.2679)	Prec 32.812% (39.579%)
Epoch: [8][130/391]	Time 0.201 (0.204)	Data 0.002 (0.003)	Loss 2.3451 (2.2625)	Prec 39.062% (39.701%)
Epoch: [8][140/391]	Time 0.205 (0.204)	Data 0.002 (0.003)	Loss 2.2336 (2.2603)	Prec 39.062% (39.578%)
Epoch: [8][150/391]	Time 0.203 (0.204)	Data 0.002 (0.003)	Loss 2.2851 (2.2547)	Prec 39.844% (39.797%)
Epoch: [8][160/391]	Time 0.203 (0.204)	Data 0.002 (0.003)	Loss 2.3126 (2.2518)	Prec 33.594% (39.810%)
Epoch: [8][170/391]	Time 0.203 (0.204)	Data 0.002 (0.003)	Loss 2.3127 (2.2500)	Prec 36.719% (39.784%)
Epoch: [8][180/391]	Time 0.203 (0.204)	Data 0.002 (0.003)	Loss 2.0696 (2.2474)	Prec 43.750% (39.870%)
Epoch: [8][190/391]	Time 0.201 (0.203)	Data 0.002 (0.003)	Loss 2.4215 (2.2501)	Prec 33.594% (39.717%)
Epoch: [8][200/391]	Time 0.201 (0.203)	Data 0.002 (0.003)	Loss 2.4142 (2.2492)	Prec 37.500% (39.754%)
Epoch: [8][210/391]	Time 0.202 (0.202)	Data 0.002 (0.003)	Loss 2.1357 (2.2424)	Prec 37.500% (39.896%)
Epoch: [8][220/391]	Time 0.204 (0.202)	Data 0.002 (0.003)	Loss 2.4486 (2.2425)	Prec 37.500% (39.893%)
Epoch: [8][230/391]	Time 0.202 (0.202)	Data 0.002 (0.003)	Loss 2.2624 (2.2458)	Prec 40.625% (39.864%)
Epoch: [8][240/391]	Time 0.207 (0.202)	Data 0.002 (0.003)	Loss 2.0338 (2.2426)	Prec 47.656% (39.957%)
Epoch: [8][250/391]	Time 0.201 (0.202)	Data 0.002 (0.003)	Loss 2.2849 (2.2391)	Prec 42.969% (40.077%)
Epoch: [8][260/391]	Time 0.199 (0.202)	Data 0.002 (0.003)	Loss 2.1363 (2.2369)	Prec 42.969% (40.155%)
Epoch: [8][270/391]	Time 0.204 (0.202)	Data 0.002 (0.003)	Loss 2.3808 (2.2347)	Prec 32.031% (40.178%)
Epoch: [8][280/391]	Time 0.203 (0.202)	Data 0.002 (0.003)	Loss 1.9682 (2.2293)	Prec 46.094% (40.241%)
Epoch: [8][290/391]	Time 0.205 (0.202)	Data 0.002 (0.003)	Loss 2.2380 (2.2285)	Prec 39.844% (40.214%)
Epoch: [8][300/391]	Time 0.205 (0.202)	Data 0.002 (0.002)	Loss 2.3601 (2.2265)	Prec 39.062% (40.275%)
Epoch: [8][310/391]	Time 0.203 (0.202)	Data 0.003 (0.002)	Loss 2.1732 (2.2232)	Prec 38.281% (40.311%)
Epoch: [8][320/391]	Time 0.201 (0.202)	Data 0.002 (0.002)	Loss 2.3590 (2.2202)	Prec 34.375% (40.384%)
Epoch: [8][330/391]	Time 0.203 (0.202)	Data 0.003 (0.002)	Loss 2.0540 (2.2173)	Prec 42.969% (40.490%)
Epoch: [8][340/391]	Time 0.205 (0.202)	Data 0.003 (0.002)	Loss 2.1363 (2.2147)	Prec 38.281% (40.510%)
Epoch: [8][350/391]	Time 0.203 (0.202)	Data 0.002 (0.002)	Loss 2.2619 (2.2118)	Prec 39.062% (40.567%)
Epoch: [8][360/391]	Time 0.202 (0.202)	Data 0.002 (0.002)	Loss 1.6904 (2.2079)	Prec 51.562% (40.631%)
Epoch: [8][370/391]	Time 0.199 (0.202)	Data 0.002 (0.002)	Loss 2.1667 (2.2076)	Prec 45.312% (40.661%)
Epoch: [8][380/391]	Time 0.198 (0.202)	Data 0.002 (0.002)	Loss 1.8028 (2.2054)	Prec 46.875% (40.725%)
Epoch: [8][390/391]	Time 0.135 (0.202)	Data 0.002 (0.002)	Loss 2.0836 (2.2046)	Prec 47.500% (40.752%)
Test: [0/100]	Time 0.120 (0.120)	Loss 2.2166 (2.2166)	Prec 40.000% (40.000%)
Test: [10/100]	Time 0.034 (0.041)	Loss 2.2049 (2.2667)	Prec 32.000% (42.182%)
Test: [20/100]	Time 0.033 (0.036)	Loss 1.9618 (2.2312)	Prec 47.000% (42.619%)
Test: [30/100]	Time 0.027 (0.035)	Loss 2.2128 (2.2172)	Prec 41.000% (42.194%)
Test: [40/100]	Time 0.036 (0.034)	Loss 2.0507 (2.2155)	Prec 41.000% (41.927%)
Test: [50/100]	Time 0.032 (0.034)	Loss 2.0280 (2.2322)	Prec 50.000% (42.235%)
Test: [60/100]	Time 0.026 (0.033)	Loss 2.2300 (2.2223)	Prec 44.000% (42.393%)
Test: [70/100]	Time 0.031 (0.032)	Loss 2.4394 (2.2264)	Prec 38.000% (42.254%)
Test: [80/100]	Time 0.035 (0.032)	Loss 2.4803 (2.2360)	Prec 36.000% (41.605%)
Test: [90/100]	Time 0.033 (0.032)	Loss 2.2355 (2.2309)	Prec 45.000% (41.835%)
 * Prec 41.860% 
Epoch: [9][0/391]	Time 0.337 (0.337)	Data 0.152 (0.152)	Loss 1.8701 (1.8701)	Prec 48.438% (48.438%)
Epoch: [9][10/391]	Time 0.205 (0.199)	Data 0.002 (0.016)	Loss 1.9526 (2.1288)	Prec 47.656% (40.625%)
Epoch: [9][20/391]	Time 0.202 (0.201)	Data 0.002 (0.009)	Loss 2.0999 (2.0987)	Prec 44.531% (42.039%)
Epoch: [9][30/391]	Time 0.204 (0.202)	Data 0.002 (0.007)	Loss 2.0035 (2.0872)	Prec 42.188% (42.036%)
Epoch: [9][40/391]	Time 0.197 (0.202)	Data 0.003 (0.006)	Loss 1.8779 (2.0912)	Prec 42.969% (41.806%)
Epoch: [9][50/391]	Time 0.204 (0.202)	Data 0.002 (0.005)	Loss 2.0364 (2.0893)	Prec 45.312% (42.310%)
Epoch: [9][60/391]	Time 0.202 (0.202)	Data 0.002 (0.005)	Loss 2.2380 (2.0899)	Prec 38.281% (42.367%)
Epoch: [9][70/391]	Time 0.200 (0.202)	Data 0.003 (0.004)	Loss 1.9021 (2.0800)	Prec 50.000% (42.672%)
Epoch: [9][80/391]	Time 0.204 (0.202)	Data 0.002 (0.004)	Loss 2.0008 (2.0781)	Prec 46.094% (42.921%)
Epoch: [9][90/391]	Time 0.203 (0.203)	Data 0.002 (0.004)	Loss 2.0955 (2.0825)	Prec 42.969% (42.926%)
Epoch: [9][100/391]	Time 0.207 (0.203)	Data 0.002 (0.004)	Loss 2.2325 (2.0843)	Prec 34.375% (42.814%)
Epoch: [9][110/391]	Time 0.205 (0.203)	Data 0.002 (0.004)	Loss 2.2528 (2.0754)	Prec 44.531% (43.278%)
Epoch: [9][120/391]	Time 0.201 (0.203)	Data 0.002 (0.004)	Loss 2.1291 (2.0793)	Prec 38.281% (43.317%)
Epoch: [9][130/391]	Time 0.202 (0.203)	Data 0.002 (0.003)	Loss 1.9160 (2.0768)	Prec 50.000% (43.339%)
Epoch: [9][140/391]	Time 0.204 (0.203)	Data 0.002 (0.003)	Loss 1.9443 (2.0754)	Prec 47.656% (43.451%)
Epoch: [9][150/391]	Time 0.204 (0.203)	Data 0.002 (0.003)	Loss 1.8723 (2.0731)	Prec 45.312% (43.528%)
Epoch: [9][160/391]	Time 0.203 (0.203)	Data 0.002 (0.003)	Loss 1.9056 (2.0673)	Prec 48.438% (43.604%)
Epoch: [9][170/391]	Time 0.204 (0.203)	Data 0.002 (0.003)	Loss 2.1197 (2.0648)	Prec 46.875% (43.736%)
Epoch: [9][180/391]	Time 0.201 (0.203)	Data 0.002 (0.003)	Loss 1.9015 (2.0578)	Prec 46.875% (43.979%)
Epoch: [9][190/391]	Time 0.204 (0.203)	Data 0.002 (0.003)	Loss 2.0442 (2.0569)	Prec 43.750% (44.065%)
Epoch: [9][200/391]	Time 0.180 (0.203)	Data 0.002 (0.003)	Loss 1.9720 (2.0533)	Prec 47.656% (44.123%)
Epoch: [9][210/391]	Time 0.201 (0.202)	Data 0.002 (0.003)	Loss 2.2971 (2.0499)	Prec 40.625% (44.183%)
Epoch: [9][220/391]	Time 0.202 (0.201)	Data 0.002 (0.003)	Loss 2.1382 (2.0541)	Prec 42.188% (44.132%)
Epoch: [9][230/391]	Time 0.204 (0.202)	Data 0.002 (0.003)	Loss 2.0181 (2.0510)	Prec 42.188% (44.180%)
Epoch: [9][240/391]	Time 0.203 (0.202)	Data 0.002 (0.003)	Loss 1.9645 (2.0494)	Prec 50.000% (44.184%)
Epoch: [9][250/391]	Time 0.204 (0.202)	Data 0.002 (0.003)	Loss 2.3035 (2.0481)	Prec 42.188% (44.267%)
Epoch: [9][260/391]	Time 0.201 (0.202)	Data 0.002 (0.003)	Loss 2.1119 (2.0451)	Prec 47.656% (44.352%)
Epoch: [9][270/391]	Time 0.201 (0.202)	Data 0.002 (0.003)	Loss 1.7980 (2.0421)	Prec 49.219% (44.393%)
Epoch: [9][280/391]	Time 0.205 (0.202)	Data 0.004 (0.003)	Loss 1.8478 (2.0379)	Prec 52.344% (44.487%)
Epoch: [9][290/391]	Time 0.203 (0.202)	Data 0.002 (0.003)	Loss 2.0371 (2.0385)	Prec 48.438% (44.467%)
Epoch: [9][300/391]	Time 0.202 (0.202)	Data 0.002 (0.003)	Loss 2.2525 (2.0386)	Prec 39.062% (44.453%)
Epoch: [9][310/391]	Time 0.205 (0.202)	Data 0.002 (0.003)	Loss 1.8903 (2.0344)	Prec 47.656% (44.566%)
Epoch: [9][320/391]	Time 0.202 (0.202)	Data 0.002 (0.003)	Loss 2.1738 (2.0349)	Prec 41.406% (44.577%)
Epoch: [9][330/391]	Time 0.202 (0.202)	Data 0.002 (0.003)	Loss 2.0264 (2.0329)	Prec 45.312% (44.609%)
Epoch: [9][340/391]	Time 0.203 (0.202)	Data 0.002 (0.003)	Loss 2.1604 (2.0330)	Prec 41.406% (44.572%)
Epoch: [9][350/391]	Time 0.203 (0.202)	Data 0.002 (0.003)	Loss 2.0944 (2.0315)	Prec 42.188% (44.625%)
Epoch: [9][360/391]	Time 0.204 (0.202)	Data 0.002 (0.003)	Loss 2.3489 (2.0304)	Prec 41.406% (44.648%)
Epoch: [9][370/391]	Time 0.204 (0.202)	Data 0.002 (0.003)	Loss 1.9741 (2.0311)	Prec 46.094% (44.668%)
Epoch: [9][380/391]	Time 0.203 (0.202)	Data 0.002 (0.003)	Loss 2.0763 (2.0285)	Prec 47.656% (44.703%)
Epoch: [9][390/391]	Time 0.152 (0.202)	Data 0.002 (0.003)	Loss 1.9351 (2.0288)	Prec 50.000% (44.744%)
Test: [0/100]	Time 0.166 (0.166)	Loss 2.2669 (2.2669)	Prec 46.000% (46.000%)
Test: [10/100]	Time 0.032 (0.045)	Loss 2.2340 (2.1748)	Prec 33.000% (42.000%)
Test: [20/100]	Time 0.034 (0.039)	Loss 1.8848 (2.1263)	Prec 47.000% (43.524%)
Test: [30/100]	Time 0.033 (0.036)	Loss 2.3263 (2.1528)	Prec 35.000% (42.968%)
Test: [40/100]	Time 0.029 (0.035)	Loss 2.2157 (2.1655)	Prec 41.000% (42.634%)
Test: [50/100]	Time 0.036 (0.035)	Loss 1.8737 (2.1772)	Prec 50.000% (42.451%)
Test: [60/100]	Time 0.034 (0.034)	Loss 1.9922 (2.1564)	Prec 43.000% (42.754%)
Test: [70/100]	Time 0.031 (0.034)	Loss 2.1816 (2.1498)	Prec 44.000% (43.085%)
Test: [80/100]	Time 0.032 (0.034)	Loss 2.0902 (2.1610)	Prec 43.000% (42.963%)
Test: [90/100]	Time 0.036 (0.034)	Loss 2.2645 (2.1516)	Prec 40.000% (43.088%)
 * Prec 43.050% 
