=> Building model...
model depth 20...
=> loading cifar100 data...
Files already downloaded and verified
Files already downloaded and verified
Epoch: [0][0/196]	Time 0.701 (0.701)	Data 0.188 (0.188)	Loss 4.7435 (4.7435)	Prec 1.562% (1.562%)
Epoch: [0][10/196]	Time 0.073 (0.131)	Data 0.002 (0.019)	Loss 4.6312 (4.6641)	Prec 1.953% (1.278%)
Epoch: [0][20/196]	Time 0.073 (0.104)	Data 0.002 (0.011)	Loss 4.5544 (4.6093)	Prec 0.781% (1.749%)
Epoch: [0][30/196]	Time 0.075 (0.095)	Data 0.002 (0.008)	Loss 4.3200 (4.5484)	Prec 5.078% (2.382%)
Epoch: [0][40/196]	Time 0.037 (0.087)	Data 0.002 (0.007)	Loss 4.3214 (4.4942)	Prec 3.516% (2.820%)
Epoch: [0][50/196]	Time 0.071 (0.083)	Data 0.002 (0.006)	Loss 4.1841 (4.4434)	Prec 5.859% (3.194%)
Epoch: [0][60/196]	Time 0.086 (0.083)	Data 0.002 (0.005)	Loss 4.1081 (4.3940)	Prec 4.297% (3.605%)
Epoch: [0][70/196]	Time 0.078 (0.083)	Data 0.002 (0.005)	Loss 4.0716 (4.3513)	Prec 7.422% (4.033%)
Epoch: [0][80/196]	Time 0.084 (0.083)	Data 0.002 (0.004)	Loss 4.0983 (4.3171)	Prec 5.859% (4.369%)
Epoch: [0][90/196]	Time 0.082 (0.083)	Data 0.002 (0.004)	Loss 4.0876 (4.2867)	Prec 10.156% (4.713%)
Epoch: [0][100/196]	Time 0.087 (0.083)	Data 0.002 (0.004)	Loss 3.8937 (4.2558)	Prec 8.594% (5.105%)
Epoch: [0][110/196]	Time 0.075 (0.083)	Data 0.002 (0.004)	Loss 3.8923 (4.2249)	Prec 11.328% (5.504%)
Epoch: [0][120/196]	Time 0.083 (0.083)	Data 0.002 (0.004)	Loss 3.9268 (4.1988)	Prec 7.031% (5.763%)
Epoch: [0][130/196]	Time 0.088 (0.082)	Data 0.002 (0.004)	Loss 3.8589 (4.1711)	Prec 8.984% (6.032%)
Epoch: [0][140/196]	Time 0.075 (0.082)	Data 0.002 (0.003)	Loss 3.7179 (4.1458)	Prec 12.109% (6.355%)
Epoch: [0][150/196]	Time 0.088 (0.082)	Data 0.002 (0.003)	Loss 3.7740 (4.1235)	Prec 12.109% (6.638%)
Epoch: [0][160/196]	Time 0.072 (0.082)	Data 0.002 (0.003)	Loss 3.7731 (4.1028)	Prec 10.938% (6.815%)
Epoch: [0][170/196]	Time 0.088 (0.082)	Data 0.003 (0.003)	Loss 3.7164 (4.0804)	Prec 10.938% (7.063%)
Epoch: [0][180/196]	Time 0.073 (0.082)	Data 0.002 (0.003)	Loss 3.6872 (4.0625)	Prec 12.109% (7.275%)
Epoch: [0][190/196]	Time 0.087 (0.082)	Data 0.002 (0.003)	Loss 3.7760 (4.0458)	Prec 10.938% (7.487%)
Test: [0/100]	Time 0.257 (0.257)	Loss 3.7769 (3.7769)	Prec 9.000% (9.000%)
Test: [10/100]	Time 0.021 (0.036)	Loss 3.9254 (3.8075)	Prec 12.000% (11.545%)
Test: [20/100]	Time 0.012 (0.025)	Loss 3.7030 (3.8138)	Prec 6.000% (11.476%)
Test: [30/100]	Time 0.004 (0.020)	Loss 4.0079 (3.8302)	Prec 9.000% (11.161%)
Test: [40/100]	Time 0.013 (0.018)	Loss 3.8481 (3.8133)	Prec 13.000% (11.439%)
Test: [50/100]	Time 0.010 (0.017)	Loss 3.6845 (3.8068)	Prec 16.000% (11.255%)
Test: [60/100]	Time 0.011 (0.016)	Loss 3.7854 (3.8050)	Prec 8.000% (11.361%)
Test: [70/100]	Time 0.020 (0.016)	Loss 3.9470 (3.8078)	Prec 5.000% (11.085%)
Test: [80/100]	Time 0.014 (0.016)	Loss 3.9413 (3.8076)	Prec 7.000% (11.123%)
Test: [90/100]	Time 0.012 (0.016)	Loss 3.5350 (3.8001)	Prec 16.000% (11.319%)
 * Prec 11.250% 
Epoch: [1][0/196]	Time 0.228 (0.228)	Data 0.182 (0.182)	Loss 3.6722 (3.6722)	Prec 11.328% (11.328%)
Epoch: [1][10/196]	Time 0.085 (0.096)	Data 0.002 (0.019)	Loss 3.4851 (3.6900)	Prec 14.062% (11.825%)
Epoch: [1][20/196]	Time 0.084 (0.089)	Data 0.002 (0.011)	Loss 3.6139 (3.6620)	Prec 10.938% (12.109%)
Epoch: [1][30/196]	Time 0.082 (0.087)	Data 0.002 (0.008)	Loss 3.6219 (3.6489)	Prec 13.281% (12.412%)
Epoch: [1][40/196]	Time 0.084 (0.086)	Data 0.003 (0.007)	Loss 3.5943 (3.6249)	Prec 15.625% (12.900%)
Epoch: [1][50/196]	Time 0.079 (0.085)	Data 0.002 (0.006)	Loss 3.5404 (3.6156)	Prec 16.016% (13.067%)
Epoch: [1][60/196]	Time 0.085 (0.085)	Data 0.003 (0.005)	Loss 3.5451 (3.6048)	Prec 16.016% (13.249%)
Epoch: [1][70/196]	Time 0.089 (0.085)	Data 0.004 (0.005)	Loss 3.4702 (3.5969)	Prec 17.578% (13.364%)
Epoch: [1][80/196]	Time 0.078 (0.084)	Data 0.003 (0.004)	Loss 3.4534 (3.5846)	Prec 16.016% (13.445%)
Epoch: [1][90/196]	Time 0.081 (0.084)	Data 0.002 (0.004)	Loss 3.5415 (3.5751)	Prec 16.016% (13.732%)
Epoch: [1][100/196]	Time 0.088 (0.084)	Data 0.002 (0.004)	Loss 3.3647 (3.5692)	Prec 14.062% (13.854%)
Epoch: [1][110/196]	Time 0.079 (0.084)	Data 0.003 (0.004)	Loss 3.4377 (3.5599)	Prec 19.141% (13.989%)
Epoch: [1][120/196]	Time 0.082 (0.084)	Data 0.003 (0.004)	Loss 3.3991 (3.5521)	Prec 18.750% (14.146%)
Epoch: [1][130/196]	Time 0.074 (0.084)	Data 0.002 (0.004)	Loss 3.3889 (3.5420)	Prec 17.578% (14.283%)
Epoch: [1][140/196]	Time 0.087 (0.084)	Data 0.002 (0.003)	Loss 3.3660 (3.5306)	Prec 17.578% (14.489%)
Epoch: [1][150/196]	Time 0.072 (0.083)	Data 0.002 (0.003)	Loss 3.2931 (3.5204)	Prec 18.359% (14.691%)
Epoch: [1][160/196]	Time 0.084 (0.083)	Data 0.002 (0.003)	Loss 3.3745 (3.5122)	Prec 18.750% (14.934%)
Epoch: [1][170/196]	Time 0.085 (0.083)	Data 0.003 (0.003)	Loss 3.2395 (3.5007)	Prec 20.312% (15.148%)
Epoch: [1][180/196]	Time 0.075 (0.083)	Data 0.002 (0.003)	Loss 3.2827 (3.4916)	Prec 19.141% (15.327%)
Epoch: [1][190/196]	Time 0.088 (0.083)	Data 0.002 (0.003)	Loss 3.2617 (3.4799)	Prec 21.484% (15.521%)
Test: [0/100]	Time 0.137 (0.137)	Loss 3.6117 (3.6117)	Prec 13.000% (13.000%)
Test: [10/100]	Time 0.012 (0.023)	Loss 3.3495 (3.4823)	Prec 15.000% (16.182%)
Test: [20/100]	Time 0.008 (0.019)	Loss 3.4197 (3.5127)	Prec 16.000% (16.190%)
Test: [30/100]	Time 0.010 (0.017)	Loss 3.5704 (3.4884)	Prec 16.000% (16.968%)
Test: [40/100]	Time 0.012 (0.016)	Loss 3.7567 (3.5087)	Prec 15.000% (17.268%)
Test: [50/100]	Time 0.010 (0.015)	Loss 3.4280 (3.5036)	Prec 24.000% (17.392%)
Test: [60/100]	Time 0.010 (0.015)	Loss 3.4318 (3.4983)	Prec 19.000% (17.246%)
Test: [70/100]	Time 0.010 (0.015)	Loss 3.5204 (3.5021)	Prec 14.000% (17.042%)
Test: [80/100]	Time 0.008 (0.014)	Loss 3.7123 (3.5123)	Prec 19.000% (16.963%)
Test: [90/100]	Time 0.022 (0.014)	Loss 3.3954 (3.5071)	Prec 22.000% (17.242%)
 * Prec 17.160% 
Epoch: [2][0/196]	Time 0.211 (0.211)	Data 0.172 (0.172)	Loss 3.2673 (3.2673)	Prec 21.484% (21.484%)
Epoch: [2][10/196]	Time 0.086 (0.093)	Data 0.002 (0.018)	Loss 3.2456 (3.2349)	Prec 19.141% (20.028%)
Epoch: [2][20/196]	Time 0.075 (0.088)	Data 0.002 (0.010)	Loss 3.1682 (3.2137)	Prec 22.656% (20.499%)
Epoch: [2][30/196]	Time 0.087 (0.087)	Data 0.002 (0.008)	Loss 3.2037 (3.1917)	Prec 22.656% (21.144%)
Epoch: [2][40/196]	Time 0.079 (0.086)	Data 0.002 (0.006)	Loss 3.2572 (3.1837)	Prec 18.750% (21.008%)
Epoch: [2][50/196]	Time 0.079 (0.085)	Data 0.002 (0.005)	Loss 3.1774 (3.1784)	Prec 23.828% (20.918%)
Epoch: [2][60/196]	Time 0.087 (0.085)	Data 0.002 (0.005)	Loss 3.1874 (3.1728)	Prec 20.703% (21.004%)
Epoch: [2][70/196]	Time 0.079 (0.084)	Data 0.002 (0.004)	Loss 3.0494 (3.1639)	Prec 25.391% (21.165%)
Epoch: [2][80/196]	Time 0.082 (0.084)	Data 0.003 (0.004)	Loss 3.2183 (3.1545)	Prec 18.750% (21.287%)
Epoch: [2][90/196]	Time 0.087 (0.084)	Data 0.002 (0.004)	Loss 3.1635 (3.1476)	Prec 20.703% (21.390%)
Epoch: [2][100/196]	Time 0.070 (0.084)	Data 0.003 (0.004)	Loss 2.9920 (3.1413)	Prec 23.438% (21.546%)
Epoch: [2][110/196]	Time 0.088 (0.084)	Data 0.002 (0.004)	Loss 3.1651 (3.1361)	Prec 20.312% (21.639%)
Epoch: [2][120/196]	Time 0.076 (0.084)	Data 0.002 (0.003)	Loss 3.0831 (3.1263)	Prec 19.531% (21.817%)
Epoch: [2][130/196]	Time 0.083 (0.084)	Data 0.002 (0.003)	Loss 3.0679 (3.1183)	Prec 23.047% (22.105%)
Epoch: [2][140/196]	Time 0.088 (0.084)	Data 0.002 (0.003)	Loss 2.9575 (3.1087)	Prec 24.609% (22.260%)
Epoch: [2][150/196]	Time 0.079 (0.084)	Data 0.002 (0.003)	Loss 3.1263 (3.1011)	Prec 19.531% (22.361%)
Epoch: [2][160/196]	Time 0.083 (0.084)	Data 0.002 (0.003)	Loss 3.1240 (3.0940)	Prec 22.266% (22.472%)
Epoch: [2][170/196]	Time 0.086 (0.083)	Data 0.003 (0.003)	Loss 2.9817 (3.0854)	Prec 23.438% (22.643%)
Epoch: [2][180/196]	Time 0.075 (0.083)	Data 0.002 (0.003)	Loss 2.9689 (3.0758)	Prec 23.438% (22.872%)
Epoch: [2][190/196]	Time 0.087 (0.083)	Data 0.002 (0.003)	Loss 3.0817 (3.0683)	Prec 21.094% (22.963%)
Test: [0/100]	Time 0.113 (0.113)	Loss 3.2536 (3.2536)	Prec 25.000% (25.000%)
Test: [10/100]	Time 0.012 (0.022)	Loss 2.8834 (3.0790)	Prec 24.000% (24.273%)
Test: [20/100]	Time 0.012 (0.018)	Loss 2.8525 (3.0091)	Prec 27.000% (25.381%)
Test: [30/100]	Time 0.010 (0.017)	Loss 2.9746 (2.9991)	Prec 21.000% (24.935%)
Test: [40/100]	Time 0.010 (0.016)	Loss 3.2260 (2.9982)	Prec 23.000% (24.951%)
Test: [50/100]	Time 0.010 (0.015)	Loss 2.8872 (3.0079)	Prec 35.000% (25.216%)
Test: [60/100]	Time 0.010 (0.015)	Loss 2.8783 (3.0044)	Prec 24.000% (25.148%)
Test: [70/100]	Time 0.010 (0.015)	Loss 3.3097 (3.0185)	Prec 15.000% (25.056%)
Test: [80/100]	Time 0.010 (0.015)	Loss 3.1236 (3.0291)	Prec 28.000% (24.815%)
Test: [90/100]	Time 0.010 (0.015)	Loss 3.1183 (3.0267)	Prec 26.000% (24.846%)
 * Prec 24.770% 
Epoch: [3][0/196]	Time 0.211 (0.211)	Data 0.176 (0.176)	Loss 2.8744 (2.8744)	Prec 22.266% (22.266%)
Epoch: [3][10/196]	Time 0.081 (0.094)	Data 0.002 (0.018)	Loss 2.9184 (2.8952)	Prec 21.484% (25.142%)
Epoch: [3][20/196]	Time 0.088 (0.088)	Data 0.002 (0.010)	Loss 3.0202 (2.8891)	Prec 26.172% (25.688%)
Epoch: [3][30/196]	Time 0.082 (0.087)	Data 0.002 (0.008)	Loss 2.5493 (2.8696)	Prec 33.594% (26.235%)
Epoch: [3][40/196]	Time 0.086 (0.086)	Data 0.002 (0.006)	Loss 2.8110 (2.8612)	Prec 31.250% (26.734%)
Epoch: [3][50/196]	Time 0.088 (0.085)	Data 0.002 (0.005)	Loss 2.7031 (2.8445)	Prec 32.812% (27.237%)
Epoch: [3][60/196]	Time 0.080 (0.085)	Data 0.002 (0.005)	Loss 2.5918 (2.8250)	Prec 30.469% (27.696%)
Epoch: [3][70/196]	Time 0.086 (0.085)	Data 0.002 (0.004)	Loss 2.8262 (2.8178)	Prec 28.125% (27.822%)
Epoch: [3][80/196]	Time 0.084 (0.085)	Data 0.003 (0.004)	Loss 2.6649 (2.8114)	Prec 33.984% (28.033%)
Epoch: [3][90/196]	Time 0.074 (0.084)	Data 0.002 (0.004)	Loss 2.7154 (2.7996)	Prec 26.562% (28.241%)
Epoch: [3][100/196]	Time 0.088 (0.084)	Data 0.002 (0.004)	Loss 2.7334 (2.7935)	Prec 31.641% (28.400%)
Epoch: [3][110/196]	Time 0.079 (0.084)	Data 0.002 (0.003)	Loss 2.7972 (2.7845)	Prec 26.172% (28.484%)
Epoch: [3][120/196]	Time 0.084 (0.084)	Data 0.002 (0.003)	Loss 2.7224 (2.7809)	Prec 32.422% (28.629%)
Epoch: [3][130/196]	Time 0.087 (0.084)	Data 0.003 (0.003)	Loss 2.7512 (2.7776)	Prec 31.250% (28.698%)
Epoch: [3][140/196]	Time 0.078 (0.084)	Data 0.002 (0.003)	Loss 2.7017 (2.7720)	Prec 27.344% (28.759%)
Epoch: [3][150/196]	Time 0.092 (0.084)	Data 0.002 (0.003)	Loss 2.6245 (2.7662)	Prec 32.031% (28.818%)
Epoch: [3][160/196]	Time 0.081 (0.084)	Data 0.002 (0.003)	Loss 2.6444 (2.7630)	Prec 34.766% (28.960%)
Epoch: [3][170/196]	Time 0.086 (0.084)	Data 0.002 (0.003)	Loss 2.6073 (2.7548)	Prec 34.766% (29.153%)
Epoch: [3][180/196]	Time 0.093 (0.084)	Data 0.003 (0.003)	Loss 2.5714 (2.7507)	Prec 35.938% (29.280%)
Epoch: [3][190/196]	Time 0.076 (0.085)	Data 0.002 (0.003)	Loss 2.7211 (2.7449)	Prec 32.031% (29.395%)
Test: [0/100]	Time 0.141 (0.141)	Loss 2.9084 (2.9084)	Prec 24.000% (24.000%)
Test: [10/100]	Time 0.024 (0.028)	Loss 3.0664 (3.0042)	Prec 22.000% (26.727%)
Test: [20/100]	Time 0.026 (0.022)	Loss 2.6600 (3.0078)	Prec 29.000% (26.476%)
Test: [30/100]	Time 0.036 (0.021)	Loss 3.0221 (2.9936)	Prec 23.000% (26.129%)
Test: [40/100]	Time 0.012 (0.019)	Loss 3.1534 (2.9921)	Prec 27.000% (26.293%)
Test: [50/100]	Time 0.012 (0.019)	Loss 2.8483 (2.9943)	Prec 30.000% (26.314%)
Test: [60/100]	Time 0.010 (0.018)	Loss 2.9693 (2.9922)	Prec 23.000% (26.344%)
Test: [70/100]	Time 0.018 (0.018)	Loss 3.2162 (3.0044)	Prec 23.000% (26.423%)
Test: [80/100]	Time 0.019 (0.018)	Loss 3.1795 (3.0191)	Prec 21.000% (26.136%)
Test: [90/100]	Time 0.019 (0.017)	Loss 3.1046 (3.0137)	Prec 27.000% (26.176%)
 * Prec 26.270% 
Epoch: [4][0/196]	Time 0.230 (0.230)	Data 0.202 (0.202)	Loss 2.4345 (2.4345)	Prec 37.500% (37.500%)
Epoch: [4][10/196]	Time 0.101 (0.097)	Data 0.002 (0.021)	Loss 2.4860 (2.5544)	Prec 28.906% (31.676%)
Epoch: [4][20/196]	Time 0.080 (0.095)	Data 0.002 (0.012)	Loss 2.6467 (2.5575)	Prec 28.125% (31.975%)
Epoch: [4][30/196]	Time 0.129 (0.100)	Data 0.002 (0.009)	Loss 2.5590 (2.5715)	Prec 34.766% (32.359%)
Epoch: [4][40/196]	Time 0.130 (0.106)	Data 0.002 (0.007)	Loss 2.7557 (2.5660)	Prec 30.469% (32.927%)
Epoch: [4][50/196]	Time 0.125 (0.110)	Data 0.002 (0.006)	Loss 2.3364 (2.5544)	Prec 38.672% (33.257%)
Epoch: [4][60/196]	Time 0.120 (0.113)	Data 0.002 (0.005)	Loss 2.7340 (2.5518)	Prec 30.078% (33.382%)
Epoch: [4][70/196]	Time 0.128 (0.115)	Data 0.002 (0.005)	Loss 2.6479 (2.5487)	Prec 30.859% (33.434%)
Epoch: [4][80/196]	Time 0.132 (0.116)	Data 0.002 (0.005)	Loss 2.5285 (2.5435)	Prec 33.203% (33.531%)
Epoch: [4][90/196]	Time 0.124 (0.117)	Data 0.002 (0.004)	Loss 2.4753 (2.5316)	Prec 34.375% (33.838%)
Epoch: [4][100/196]	Time 0.122 (0.118)	Data 0.002 (0.004)	Loss 2.6433 (2.5285)	Prec 30.859% (33.810%)
Epoch: [4][110/196]	Time 0.128 (0.119)	Data 0.002 (0.004)	Loss 2.3922 (2.5240)	Prec 33.594% (33.840%)
Epoch: [4][120/196]	Time 0.129 (0.120)	Data 0.003 (0.004)	Loss 2.5325 (2.5214)	Prec 34.375% (33.839%)
Epoch: [4][130/196]	Time 0.125 (0.120)	Data 0.002 (0.004)	Loss 2.4346 (2.5170)	Prec 36.719% (33.972%)
Epoch: [4][140/196]	Time 0.124 (0.121)	Data 0.002 (0.003)	Loss 2.6070 (2.5114)	Prec 34.375% (34.148%)
Epoch: [4][150/196]	Time 0.132 (0.121)	Data 0.002 (0.003)	Loss 2.3254 (2.5050)	Prec 37.891% (34.328%)
Epoch: [4][160/196]	Time 0.131 (0.122)	Data 0.002 (0.003)	Loss 2.3397 (2.5011)	Prec 40.625% (34.428%)
Epoch: [4][170/196]	Time 0.120 (0.122)	Data 0.002 (0.003)	Loss 2.3762 (2.4962)	Prec 39.453% (34.562%)
Epoch: [4][180/196]	Time 0.129 (0.122)	Data 0.002 (0.003)	Loss 2.4221 (2.4924)	Prec 37.109% (34.634%)
Epoch: [4][190/196]	Time 0.107 (0.122)	Data 0.002 (0.003)	Loss 2.3025 (2.4920)	Prec 40.625% (34.586%)
Test: [0/100]	Time 0.132 (0.132)	Loss 2.6694 (2.6694)	Prec 32.000% (32.000%)
Test: [10/100]	Time 0.017 (0.027)	Loss 2.6477 (2.6817)	Prec 27.000% (31.545%)
Test: [20/100]	Time 0.014 (0.022)	Loss 2.5044 (2.6661)	Prec 30.000% (32.048%)
Test: [30/100]	Time 0.019 (0.020)	Loss 2.7011 (2.6523)	Prec 33.000% (32.097%)
Test: [40/100]	Time 0.014 (0.019)	Loss 2.7836 (2.6561)	Prec 33.000% (32.244%)
Test: [50/100]	Time 0.016 (0.019)	Loss 2.5497 (2.6631)	Prec 34.000% (32.314%)
Test: [60/100]	Time 0.029 (0.019)	Loss 2.6166 (2.6640)	Prec 31.000% (32.246%)
Test: [70/100]	Time 0.013 (0.018)	Loss 3.0749 (2.6754)	Prec 31.000% (32.070%)
Test: [80/100]	Time 0.017 (0.018)	Loss 2.7901 (2.6855)	Prec 30.000% (32.160%)
Test: [90/100]	Time 0.019 (0.018)	Loss 2.5594 (2.6692)	Prec 32.000% (32.473%)
 * Prec 32.350% 
Epoch: [5][0/196]	Time 0.207 (0.207)	Data 0.158 (0.158)	Loss 2.2493 (2.2493)	Prec 40.625% (40.625%)
Epoch: [5][10/196]	Time 0.132 (0.131)	Data 0.002 (0.017)	Loss 2.4003 (2.3974)	Prec 39.062% (36.541%)
Epoch: [5][20/196]	Time 0.078 (0.123)	Data 0.002 (0.010)	Loss 2.1973 (2.3877)	Prec 41.016% (36.719%)
Epoch: [5][30/196]	Time 0.127 (0.121)	Data 0.002 (0.007)	Loss 2.4363 (2.3795)	Prec 34.375% (37.147%)
Epoch: [5][40/196]	Time 0.129 (0.122)	Data 0.002 (0.006)	Loss 2.5482 (2.3824)	Prec 33.203% (37.024%)
Epoch: [5][50/196]	Time 0.119 (0.123)	Data 0.002 (0.005)	Loss 2.7105 (2.3746)	Prec 34.766% (37.171%)
Epoch: [5][60/196]	Time 0.126 (0.124)	Data 0.002 (0.005)	Loss 2.1694 (2.3646)	Prec 37.500% (37.359%)
Epoch: [5][70/196]	Time 0.134 (0.124)	Data 0.002 (0.004)	Loss 2.3623 (2.3576)	Prec 36.719% (37.489%)
Epoch: [5][80/196]	Time 0.123 (0.125)	Data 0.002 (0.004)	Loss 2.2985 (2.3476)	Prec 42.188% (37.818%)
Epoch: [5][90/196]	Time 0.123 (0.125)	Data 0.002 (0.004)	Loss 2.1287 (2.3355)	Prec 43.750% (38.015%)
Epoch: [5][100/196]	Time 0.128 (0.125)	Data 0.002 (0.004)	Loss 2.3728 (2.3329)	Prec 37.500% (37.995%)
Epoch: [5][110/196]	Time 0.121 (0.125)	Data 0.002 (0.004)	Loss 2.2703 (2.3323)	Prec 38.281% (37.915%)
Epoch: [5][120/196]	Time 0.120 (0.125)	Data 0.002 (0.003)	Loss 2.3057 (2.3304)	Prec 39.453% (37.965%)
Epoch: [5][130/196]	Time 0.137 (0.125)	Data 0.002 (0.003)	Loss 2.1440 (2.3281)	Prec 39.844% (38.004%)
Epoch: [5][140/196]	Time 0.131 (0.125)	Data 0.002 (0.003)	Loss 2.1804 (2.3254)	Prec 39.844% (38.004%)
Epoch: [5][150/196]	Time 0.119 (0.125)	Data 0.002 (0.003)	Loss 2.3696 (2.3236)	Prec 36.328% (38.017%)
Epoch: [5][160/196]	Time 0.124 (0.125)	Data 0.002 (0.003)	Loss 2.0902 (2.3217)	Prec 39.453% (38.063%)
Epoch: [5][170/196]	Time 0.131 (0.126)	Data 0.002 (0.003)	Loss 2.2610 (2.3170)	Prec 37.500% (38.178%)
Epoch: [5][180/196]	Time 0.126 (0.126)	Data 0.002 (0.003)	Loss 2.2067 (2.3099)	Prec 39.844% (38.359%)
Epoch: [5][190/196]	Time 0.129 (0.126)	Data 0.002 (0.003)	Loss 2.3805 (2.3023)	Prec 34.375% (38.488%)
Test: [0/100]	Time 0.132 (0.132)	Loss 2.6182 (2.6182)	Prec 34.000% (34.000%)
Test: [10/100]	Time 0.016 (0.027)	Loss 2.7217 (2.6441)	Prec 28.000% (32.818%)
Test: [20/100]	Time 0.017 (0.022)	Loss 2.1917 (2.5872)	Prec 40.000% (33.762%)
Test: [30/100]	Time 0.014 (0.020)	Loss 2.5549 (2.5702)	Prec 35.000% (33.613%)
Test: [40/100]	Time 0.014 (0.019)	Loss 2.6722 (2.5625)	Prec 36.000% (34.122%)
Test: [50/100]	Time 0.017 (0.019)	Loss 2.6629 (2.5918)	Prec 35.000% (33.922%)
Test: [60/100]	Time 0.017 (0.018)	Loss 2.5751 (2.5774)	Prec 33.000% (34.328%)
Test: [70/100]	Time 0.021 (0.018)	Loss 2.8126 (2.5777)	Prec 34.000% (33.986%)
Test: [80/100]	Time 0.017 (0.018)	Loss 2.8523 (2.5906)	Prec 32.000% (33.827%)
Test: [90/100]	Time 0.017 (0.018)	Loss 2.5531 (2.5840)	Prec 35.000% (34.242%)
 * Prec 34.170% 
Epoch: [6][0/196]	Time 0.236 (0.236)	Data 0.190 (0.190)	Loss 2.1841 (2.1841)	Prec 44.141% (44.141%)
Epoch: [6][10/196]	Time 0.120 (0.135)	Data 0.002 (0.019)	Loss 2.1829 (2.2118)	Prec 44.141% (40.589%)
Epoch: [6][20/196]	Time 0.126 (0.130)	Data 0.002 (0.011)	Loss 2.2210 (2.2044)	Prec 41.797% (40.997%)
Epoch: [6][30/196]	Time 0.122 (0.129)	Data 0.002 (0.008)	Loss 2.0827 (2.2015)	Prec 39.844% (40.764%)
Epoch: [6][40/196]	Time 0.117 (0.128)	Data 0.002 (0.007)	Loss 2.1774 (2.1982)	Prec 38.281% (41.092%)
Epoch: [6][50/196]	Time 0.129 (0.128)	Data 0.002 (0.006)	Loss 2.2006 (2.2016)	Prec 39.062% (41.031%)
Epoch: [6][60/196]	Time 0.132 (0.128)	Data 0.002 (0.005)	Loss 1.9343 (2.1840)	Prec 45.312% (41.419%)
Epoch: [6][70/196]	Time 0.128 (0.127)	Data 0.002 (0.005)	Loss 2.1649 (2.1808)	Prec 44.141% (41.478%)
Epoch: [6][80/196]	Time 0.125 (0.127)	Data 0.002 (0.004)	Loss 2.3020 (2.1761)	Prec 38.672% (41.377%)
Epoch: [6][90/196]	Time 0.128 (0.127)	Data 0.002 (0.004)	Loss 2.2316 (2.1714)	Prec 39.844% (41.449%)
Epoch: [6][100/196]	Time 0.122 (0.127)	Data 0.002 (0.004)	Loss 2.1972 (2.1684)	Prec 40.625% (41.638%)
Epoch: [6][110/196]	Time 0.120 (0.127)	Data 0.002 (0.004)	Loss 2.2394 (2.1718)	Prec 35.938% (41.568%)
Epoch: [6][120/196]	Time 0.127 (0.127)	Data 0.002 (0.004)	Loss 2.2346 (2.1715)	Prec 44.922% (41.642%)
Epoch: [6][130/196]	Time 0.129 (0.127)	Data 0.002 (0.003)	Loss 2.0009 (2.1706)	Prec 43.359% (41.618%)
Epoch: [6][140/196]	Time 0.088 (0.126)	Data 0.002 (0.003)	Loss 2.0412 (2.1680)	Prec 42.578% (41.617%)
Epoch: [6][150/196]	Time 0.126 (0.124)	Data 0.002 (0.003)	Loss 2.0958 (2.1628)	Prec 43.750% (41.755%)
Epoch: [6][160/196]	Time 0.119 (0.123)	Data 0.003 (0.003)	Loss 2.1970 (2.1624)	Prec 41.016% (41.646%)
Epoch: [6][170/196]	Time 0.104 (0.123)	Data 0.002 (0.003)	Loss 1.9643 (2.1587)	Prec 46.094% (41.726%)
Epoch: [6][180/196]	Time 0.127 (0.122)	Data 0.003 (0.003)	Loss 2.2481 (2.1584)	Prec 38.672% (41.741%)
Epoch: [6][190/196]	Time 0.130 (0.122)	Data 0.002 (0.003)	Loss 2.3165 (2.1588)	Prec 40.234% (41.717%)
Test: [0/100]	Time 0.137 (0.137)	Loss 2.2921 (2.2921)	Prec 40.000% (40.000%)
Test: [10/100]	Time 0.017 (0.028)	Loss 2.2557 (2.2795)	Prec 33.000% (39.455%)
Test: [20/100]	Time 0.017 (0.022)	Loss 2.1021 (2.2817)	Prec 41.000% (39.571%)
Test: [30/100]	Time 0.016 (0.020)	Loss 2.2282 (2.2726)	Prec 36.000% (39.484%)
Test: [40/100]	Time 0.016 (0.020)	Loss 2.1935 (2.2574)	Prec 44.000% (39.707%)
Test: [50/100]	Time 0.018 (0.019)	Loss 2.4483 (2.2795)	Prec 38.000% (39.412%)
Test: [60/100]	Time 0.010 (0.018)	Loss 2.2690 (2.2715)	Prec 38.000% (39.262%)
Test: [70/100]	Time 0.017 (0.018)	Loss 2.4390 (2.2730)	Prec 41.000% (39.423%)
Test: [80/100]	Time 0.017 (0.018)	Loss 2.4767 (2.2894)	Prec 39.000% (38.988%)
Test: [90/100]	Time 0.014 (0.018)	Loss 2.2239 (2.2820)	Prec 36.000% (39.044%)
 * Prec 39.110% 
Epoch: [7][0/196]	Time 0.225 (0.225)	Data 0.173 (0.173)	Loss 2.0382 (2.0382)	Prec 46.484% (46.484%)
Epoch: [7][10/196]	Time 0.125 (0.135)	Data 0.002 (0.018)	Loss 2.3578 (2.1266)	Prec 36.328% (42.152%)
Epoch: [7][20/196]	Time 0.130 (0.131)	Data 0.002 (0.010)	Loss 2.2020 (2.1045)	Prec 40.625% (43.062%)
Epoch: [7][30/196]	Time 0.127 (0.129)	Data 0.002 (0.008)	Loss 2.0934 (2.0900)	Prec 44.922% (43.712%)
Epoch: [7][40/196]	Time 0.125 (0.129)	Data 0.002 (0.006)	Loss 2.0749 (2.0839)	Prec 41.016% (43.588%)
Epoch: [7][50/196]	Time 0.129 (0.129)	Data 0.002 (0.005)	Loss 2.0421 (2.0751)	Prec 39.453% (43.719%)
Epoch: [7][60/196]	Time 0.132 (0.128)	Data 0.002 (0.005)	Loss 2.0327 (2.0685)	Prec 45.703% (43.891%)
Epoch: [7][70/196]	Time 0.120 (0.128)	Data 0.002 (0.004)	Loss 1.9799 (2.0698)	Prec 47.266% (43.893%)
Epoch: [7][80/196]	Time 0.125 (0.128)	Data 0.002 (0.004)	Loss 2.0495 (2.0676)	Prec 41.797% (44.001%)
Epoch: [7][90/196]	Time 0.129 (0.128)	Data 0.002 (0.004)	Loss 1.9440 (2.0625)	Prec 47.266% (44.154%)
Epoch: [7][100/196]	Time 0.122 (0.128)	Data 0.002 (0.004)	Loss 2.0882 (2.0562)	Prec 45.703% (44.315%)
Epoch: [7][110/196]	Time 0.125 (0.128)	Data 0.002 (0.004)	Loss 2.0716 (2.0560)	Prec 43.750% (44.320%)
Epoch: [7][120/196]	Time 0.128 (0.128)	Data 0.002 (0.003)	Loss 1.9533 (2.0546)	Prec 45.312% (44.341%)
Epoch: [7][130/196]	Time 0.129 (0.128)	Data 0.002 (0.003)	Loss 2.1095 (2.0532)	Prec 41.797% (44.260%)
Epoch: [7][140/196]	Time 0.124 (0.128)	Data 0.002 (0.003)	Loss 1.9853 (2.0532)	Prec 45.703% (44.268%)
Epoch: [7][150/196]	Time 0.127 (0.128)	Data 0.002 (0.003)	Loss 2.0202 (2.0548)	Prec 45.703% (44.242%)
Epoch: [7][160/196]	Time 0.127 (0.127)	Data 0.003 (0.003)	Loss 2.0441 (2.0545)	Prec 46.484% (44.267%)
Epoch: [7][170/196]	Time 0.124 (0.127)	Data 0.002 (0.003)	Loss 2.0875 (2.0539)	Prec 46.484% (44.275%)
Epoch: [7][180/196]	Time 0.129 (0.127)	Data 0.003 (0.003)	Loss 2.1220 (2.0517)	Prec 42.969% (44.343%)
Epoch: [7][190/196]	Time 0.133 (0.127)	Data 0.002 (0.003)	Loss 2.0066 (2.0482)	Prec 44.922% (44.468%)
Test: [0/100]	Time 0.121 (0.121)	Loss 2.2247 (2.2247)	Prec 43.000% (43.000%)
Test: [10/100]	Time 0.014 (0.027)	Loss 2.3212 (2.4072)	Prec 39.000% (39.636%)
Test: [20/100]	Time 0.021 (0.023)	Loss 2.0655 (2.3710)	Prec 44.000% (39.762%)
Test: [30/100]	Time 0.015 (0.020)	Loss 2.2274 (2.3407)	Prec 43.000% (39.710%)
Test: [40/100]	Time 0.014 (0.019)	Loss 2.3638 (2.3326)	Prec 47.000% (40.610%)
Test: [50/100]	Time 0.010 (0.018)	Loss 2.3494 (2.3458)	Prec 43.000% (40.314%)
Test: [60/100]	Time 0.017 (0.018)	Loss 2.2297 (2.3315)	Prec 43.000% (40.295%)
Test: [70/100]	Time 0.017 (0.018)	Loss 2.5228 (2.3253)	Prec 40.000% (40.577%)
Test: [80/100]	Time 0.017 (0.018)	Loss 2.6918 (2.3454)	Prec 41.000% (40.580%)
Test: [90/100]	Time 0.017 (0.018)	Loss 2.6663 (2.3363)	Prec 32.000% (40.637%)
 * Prec 40.520% 
