=> Building model...
model depth 56...
=> loading cifar100 data...
Files already downloaded and verified
Files already downloaded and verified
Epoch: [0][0/391]	Time 0.969 (0.969)	Data 0.130 (0.130)	Loss 5.2055 (5.2055)	Prec 0.781% (0.781%)
Epoch: [0][10/391]	Time 0.183 (0.295)	Data 0.002 (0.014)	Loss 4.8066 (4.8651)	Prec 1.562% (1.207%)
Epoch: [0][20/391]	Time 0.183 (0.239)	Data 0.002 (0.008)	Loss 4.6720 (4.8163)	Prec 1.562% (1.190%)
Epoch: [0][30/391]	Time 0.172 (0.218)	Data 0.002 (0.006)	Loss 4.6271 (4.7750)	Prec 3.906% (1.336%)
Epoch: [0][40/391]	Time 0.174 (0.208)	Data 0.002 (0.005)	Loss 4.5210 (4.7345)	Prec 3.125% (1.391%)
Epoch: [0][50/391]	Time 0.176 (0.202)	Data 0.002 (0.004)	Loss 4.6275 (4.7120)	Prec 1.562% (1.471%)
Epoch: [0][60/391]	Time 0.178 (0.197)	Data 0.002 (0.004)	Loss 4.4782 (4.6868)	Prec 3.125% (1.537%)
Epoch: [0][70/391]	Time 0.180 (0.194)	Data 0.002 (0.004)	Loss 4.5453 (4.6628)	Prec 2.344% (1.640%)
Epoch: [0][80/391]	Time 0.176 (0.192)	Data 0.002 (0.003)	Loss 4.3683 (4.6401)	Prec 2.344% (1.755%)
Epoch: [0][90/391]	Time 0.173 (0.190)	Data 0.002 (0.003)	Loss 4.3630 (4.6203)	Prec 3.906% (1.906%)
Epoch: [0][100/391]	Time 0.166 (0.188)	Data 0.002 (0.003)	Loss 4.2914 (4.5963)	Prec 5.469% (2.081%)
Epoch: [0][110/391]	Time 0.178 (0.187)	Data 0.002 (0.003)	Loss 4.4091 (4.5777)	Prec 1.562% (2.189%)
Epoch: [0][120/391]	Time 0.171 (0.186)	Data 0.002 (0.003)	Loss 4.3194 (4.5568)	Prec 3.125% (2.299%)
Epoch: [0][130/391]	Time 0.149 (0.183)	Data 0.003 (0.003)	Loss 4.1926 (4.5368)	Prec 3.906% (2.505%)
Epoch: [0][140/391]	Time 0.167 (0.180)	Data 0.002 (0.003)	Loss 4.3357 (4.5186)	Prec 4.688% (2.582%)
Epoch: [0][150/391]	Time 0.176 (0.180)	Data 0.002 (0.003)	Loss 4.1724 (4.5003)	Prec 6.250% (2.701%)
Epoch: [0][160/391]	Time 0.185 (0.178)	Data 0.002 (0.003)	Loss 4.1185 (4.4806)	Prec 4.688% (2.848%)
Epoch: [0][170/391]	Time 0.187 (0.178)	Data 0.002 (0.003)	Loss 4.0938 (4.4622)	Prec 3.906% (2.988%)
Epoch: [0][180/391]	Time 0.173 (0.178)	Data 0.002 (0.003)	Loss 4.1209 (4.4474)	Prec 7.031% (3.069%)
Epoch: [0][190/391]	Time 0.178 (0.178)	Data 0.002 (0.003)	Loss 3.9859 (4.4314)	Prec 12.500% (3.223%)
Epoch: [0][200/391]	Time 0.183 (0.178)	Data 0.002 (0.003)	Loss 4.0797 (4.4161)	Prec 7.812% (3.366%)
Epoch: [0][210/391]	Time 0.179 (0.178)	Data 0.002 (0.003)	Loss 4.0821 (4.4010)	Prec 8.594% (3.525%)
Epoch: [0][220/391]	Time 0.181 (0.178)	Data 0.002 (0.003)	Loss 4.0281 (4.3877)	Prec 8.594% (3.655%)
Epoch: [0][230/391]	Time 0.170 (0.177)	Data 0.002 (0.003)	Loss 4.0412 (4.3733)	Prec 5.469% (3.791%)
Epoch: [0][240/391]	Time 0.185 (0.177)	Data 0.002 (0.002)	Loss 4.0377 (4.3599)	Prec 7.812% (3.906%)
Epoch: [0][250/391]	Time 0.177 (0.177)	Data 0.002 (0.002)	Loss 4.0493 (4.3475)	Prec 3.125% (4.068%)
Epoch: [0][260/391]	Time 0.173 (0.177)	Data 0.002 (0.002)	Loss 4.0936 (4.3362)	Prec 4.688% (4.146%)
Epoch: [0][270/391]	Time 0.168 (0.177)	Data 0.002 (0.002)	Loss 4.0153 (4.3246)	Prec 5.469% (4.244%)
Epoch: [0][280/391]	Time 0.123 (0.177)	Data 0.002 (0.002)	Loss 4.0120 (4.3123)	Prec 3.906% (4.371%)
Epoch: [0][290/391]	Time 0.137 (0.176)	Data 0.010 (0.002)	Loss 3.9697 (4.3031)	Prec 10.938% (4.473%)
Epoch: [0][300/391]	Time 0.176 (0.175)	Data 0.002 (0.002)	Loss 4.0784 (4.2917)	Prec 9.375% (4.594%)
Epoch: [0][310/391]	Time 0.182 (0.176)	Data 0.003 (0.002)	Loss 3.8487 (4.2823)	Prec 8.594% (4.720%)
Epoch: [0][320/391]	Time 0.179 (0.176)	Data 0.002 (0.002)	Loss 4.0738 (4.2715)	Prec 7.812% (4.829%)
Epoch: [0][330/391]	Time 0.169 (0.176)	Data 0.002 (0.002)	Loss 3.9778 (4.2623)	Prec 10.156% (4.933%)
Epoch: [0][340/391]	Time 0.169 (0.176)	Data 0.002 (0.002)	Loss 4.0452 (4.2522)	Prec 6.250% (4.997%)
Epoch: [0][350/391]	Time 0.178 (0.176)	Data 0.002 (0.002)	Loss 3.8658 (4.2420)	Prec 6.250% (5.093%)
Epoch: [0][360/391]	Time 0.177 (0.176)	Data 0.002 (0.002)	Loss 3.8034 (4.2323)	Prec 9.375% (5.203%)
Epoch: [0][370/391]	Time 0.174 (0.176)	Data 0.002 (0.002)	Loss 3.7783 (4.2238)	Prec 14.062% (5.292%)
Epoch: [0][380/391]	Time 0.175 (0.176)	Data 0.002 (0.002)	Loss 4.0667 (4.2177)	Prec 10.156% (5.360%)
Epoch: [0][390/391]	Time 0.891 (0.178)	Data 0.002 (0.002)	Loss 3.9425 (4.2086)	Prec 8.750% (5.464%)
Test: [0/100]	Time 0.372 (0.372)	Loss 3.8768 (3.8768)	Prec 9.000% (9.000%)
Test: [10/100]	Time 0.029 (0.065)	Loss 3.9542 (3.9098)	Prec 7.000% (9.273%)
Test: [20/100]	Time 0.036 (0.050)	Loss 4.0190 (3.9165)	Prec 5.000% (9.238%)
Test: [30/100]	Time 0.036 (0.045)	Loss 3.9339 (3.9096)	Prec 6.000% (9.032%)
Test: [40/100]	Time 0.032 (0.042)	Loss 3.9190 (3.8973)	Prec 10.000% (9.244%)
Test: [50/100]	Time 0.034 (0.041)	Loss 3.6674 (3.8920)	Prec 11.000% (9.118%)
Test: [60/100]	Time 0.036 (0.039)	Loss 3.8651 (3.8889)	Prec 6.000% (9.098%)
Test: [70/100]	Time 0.036 (0.039)	Loss 3.9866 (3.8874)	Prec 6.000% (9.225%)
Test: [80/100]	Time 0.034 (0.038)	Loss 4.1064 (3.8993)	Prec 5.000% (8.988%)
Test: [90/100]	Time 0.034 (0.037)	Loss 3.7825 (3.8993)	Prec 12.000% (8.901%)
 * Prec 8.940% 
